<?xml version="1.0" encoding="UTF-8"?>
<robot generator="Robot 5.0.1 (Python 3.9.7 on win32)" generated="20220604 20:08:38.989" rpa="false" schemaversion="3">
<suite id="s1" name="QA-Automation-Test-Robot-Framework" source="C:\Users\byuks\Desktop\QA-Automation-Test-Robot-Framework">
<suite id="s1-s1" name="Tests" source="C:\Users\byuks\Desktop\QA-Automation-Test-Robot-Framework\Tests">
<suite id="s1-s1-s1" name="Amazon" source="C:\Users\byuks\Desktop\QA-Automation-Test-Robot-Framework\Tests\Amazon.robot">
<test id="s1-s1-s1-t1" name="User must sign in to check out" line="9">
<kw name="Open Browser" library="SeleniumLibrary">
<arg>https://www.amazon.com/</arg>
<arg>chrome</arg>
<doc>Opens a new browser instance to the optional ``url``.</doc>
<msg timestamp="20220604 20:08:39.182" level="INFO">Opening browser 'chrome' to base url 'https://www.amazon.com/'.</msg>
<status status="PASS" starttime="20220604 20:08:39.182" endtime="20220604 20:08:48.393"/>
</kw>
<kw name="Close Browser" library="SeleniumLibrary">
<doc>Closes the current browser.</doc>
<status status="PASS" starttime="20220604 20:08:48.393" endtime="20220604 20:08:50.490"/>
</kw>
<doc>This is some basic info about the test</doc>
<tag>Smoke</tag>
<status status="PASS" starttime="20220604 20:08:39.181" endtime="20220604 20:08:50.491"/>
</test>
<doc>This is some basic info about whole suite</doc>
<status status="PASS" starttime="20220604 20:08:39.011" endtime="20220604 20:08:50.491"/>
</suite>
<status status="PASS" starttime="20220604 20:08:39.010" endtime="20220604 20:08:50.492"/>
</suite>
<status status="PASS" starttime="20220604 20:08:38.990" endtime="20220604 20:08:50.493"/>
</suite>
<statistics>
<total>
<stat pass="1" fail="0" skip="0">All Tests</stat>
</total>
<tag>
<stat pass="1" fail="0" skip="0">Smoke</stat>
</tag>
<suite>
<stat pass="1" fail="0" skip="0" id="s1" name="QA-Automation-Test-Robot-Framework">QA-Automation-Test-Robot-Framework</stat>
<stat pass="1" fail="0" skip="0" id="s1-s1" name="Tests">QA-Automation-Test-Robot-Framework.Tests</stat>
<stat pass="1" fail="0" skip="0" id="s1-s1-s1" name="Amazon">QA-Automation-Test-Robot-Framework.Tests.Amazon</stat>
</suite>
</statistics>
<errors>
</errors>
</robot>
