<?xml version="1.0" encoding="UTF-8"?>
<robot generator="Robot 5.0.1 (Python 3.9.7 on win32)" generated="20220605 15:05:00.654" rpa="false" schemaversion="3">
<suite id="s1" name="Amazon" source="C:\Users\byuks\Desktop\QA-Automation-Test-Robot-Framework\tests\Amazon.robot">
<test id="s1-t1" name="User must sign in to check out" line="9">
<kw name="Open Browser" library="SeleniumLibrary">
<arg>https://www.amazon.com/</arg>
<arg>chrome</arg>
<doc>Opens a new browser instance to the optional ``url``.</doc>
<msg timestamp="20220605 15:05:00.848" level="INFO">Opening browser 'chrome' to base url 'https://www.amazon.com/'.</msg>
<status status="PASS" starttime="20220605 15:05:00.847" endtime="20220605 15:05:05.791"/>
</kw>
<kw name="Close Browser" library="SeleniumLibrary">
<doc>Closes the current browser.</doc>
<status status="PASS" starttime="20220605 15:05:05.792" endtime="20220605 15:05:07.879"/>
</kw>
<doc>This is some basic info about the test</doc>
<tag>Smoke</tag>
<status status="PASS" starttime="20220605 15:05:00.847" endtime="20220605 15:05:07.879"/>
</test>
<doc>This is some basic info about whole suite</doc>
<status status="PASS" starttime="20220605 15:05:00.656" endtime="20220605 15:05:07.880"/>
</suite>
<statistics>
<total>
<stat pass="1" fail="0" skip="0">All Tests</stat>
</total>
<tag>
<stat pass="1" fail="0" skip="0">Smoke</stat>
</tag>
<suite>
<stat pass="1" fail="0" skip="0" id="s1" name="Amazon">Amazon</stat>
</suite>
</statistics>
<errors>
</errors>
</robot>
