<?xml version="1.0" encoding="UTF-8"?>
<robot generator="Robot 5.0.1 (Python 3.9.7 on win32)" generated="20220606 02:49:49.094" rpa="false" schemaversion="3">
<suite id="s1" name="Amazon" source="C:\Users\byuks\Desktop\QA-Automation-Test-Robot-Framework\tests\Amazon.robot">
<test id="s1-t1" name="Logged out user can search for products" line="10">
<kw name="Begin Web Test" library="Common" type="SETUP">
<kw name="Open Browser" library="SeleniumLibrary">
<arg>about:blank</arg>
<arg>chrome</arg>
<doc>Opens a new browser instance to the optional ``url``.</doc>
<msg timestamp="20220606 02:49:49.311" level="INFO">Opening browser 'chrome' to base url 'about:blank'.</msg>
<status status="PASS" starttime="20220606 02:49:49.311" endtime="20220606 02:49:50.378"/>
</kw>
<kw name="Maximize Browser Window" library="SeleniumLibrary">
<doc>Maximizes current browser window.</doc>
<status status="PASS" starttime="20220606 02:49:50.378" endtime="20220606 02:49:50.507"/>
</kw>
<status status="PASS" starttime="20220606 02:49:49.310" endtime="20220606 02:49:50.507"/>
</kw>
<kw name="Search For Products" library="AmazonApp">
<kw name="Load Page" library="LandingPage">
<kw name="Go To" library="SeleniumLibrary">
<arg>https://amazon.com</arg>
<doc>Navigates the current browser window to the provided ``url``.</doc>
<msg timestamp="20220606 02:49:50.509" level="INFO">Opening url 'https://amazon.com'</msg>
<status status="PASS" starttime="20220606 02:49:50.508" endtime="20220606 02:49:52.505"/>
</kw>
<status status="PASS" starttime="20220606 02:49:50.508" endtime="20220606 02:49:52.505"/>
</kw>
<kw name="Verify Page Loaded" library="LandingPage">
<kw name="Wait Until Page Contains" library="SeleniumLibrary">
<arg>You are on amazon.com</arg>
<doc>Waits until ``text`` appears on the current page.</doc>
<status status="PASS" starttime="20220606 02:49:52.506" endtime="20220606 02:49:52.530"/>
</kw>
<status status="PASS" starttime="20220606 02:49:52.506" endtime="20220606 02:49:52.531"/>
</kw>
<kw name="Search for products" library="TopNav">
<kw name="Enter Search Term" library="TopNav">
<kw name="Input Text" library="SeleniumLibrary">
<arg>id=twotabsearchtextbox</arg>
<arg>Xbox Series X Console</arg>
<doc>Types the given ``text`` into the text field identified by ``locator``.</doc>
<msg timestamp="20220606 02:49:52.531" level="INFO">Typing text 'Xbox Series X Console' into text field 'id=twotabsearchtextbox'.</msg>
<status status="PASS" starttime="20220606 02:49:52.531" endtime="20220606 02:49:52.721"/>
</kw>
<status status="PASS" starttime="20220606 02:49:52.531" endtime="20220606 02:49:52.721"/>
</kw>
<kw name="Submit Search" library="TopNav">
<kw name="Click Button" library="SeleniumLibrary">
<arg>css=#nav-search-submit-button</arg>
<doc>Clicks the button identified by ``locator``.</doc>
<msg timestamp="20220606 02:49:52.722" level="INFO">Clicking button 'css=#nav-search-submit-button'.</msg>
<status status="PASS" starttime="20220606 02:49:52.721" endtime="20220606 02:49:55.492"/>
</kw>
<status status="PASS" starttime="20220606 02:49:52.721" endtime="20220606 02:49:55.492"/>
</kw>
<status status="PASS" starttime="20220606 02:49:52.531" endtime="20220606 02:49:55.492"/>
</kw>
<kw name="Verify Seach Completed" library="SearchResults">
<kw name="Wait Until Page Contains" library="SeleniumLibrary">
<arg>results for "Xbox Series X Console"</arg>
<doc>Waits until ``text`` appears on the current page.</doc>
<status status="PASS" starttime="20220606 02:49:55.493" endtime="20220606 02:49:55.512"/>
</kw>
<status status="PASS" starttime="20220606 02:49:55.492" endtime="20220606 02:49:55.512"/>
</kw>
<status status="PASS" starttime="20220606 02:49:50.507" endtime="20220606 02:49:55.512"/>
</kw>
<kw name="End Web Test" library="Common" type="TEARDOWN">
<kw name="Close Browser" library="SeleniumLibrary">
<doc>Closes the current browser.</doc>
<status status="PASS" starttime="20220606 02:49:55.513" endtime="20220606 02:49:57.617"/>
</kw>
<status status="PASS" starttime="20220606 02:49:55.513" endtime="20220606 02:49:57.617"/>
</kw>
<tag>Smoke</tag>
<status status="PASS" starttime="20220606 02:49:49.309" endtime="20220606 02:49:57.618"/>
</test>
<test id="s1-t2" name="Logged out user can view a product" line="14">
<kw name="Begin Web Test" library="Common" type="SETUP">
<kw name="Open Browser" library="SeleniumLibrary">
<arg>about:blank</arg>
<arg>chrome</arg>
<doc>Opens a new browser instance to the optional ``url``.</doc>
<msg timestamp="20220606 02:49:57.620" level="INFO">Opening browser 'chrome' to base url 'about:blank'.</msg>
<status status="PASS" starttime="20220606 02:49:57.620" endtime="20220606 02:49:58.662"/>
</kw>
<kw name="Maximize Browser Window" library="SeleniumLibrary">
<doc>Maximizes current browser window.</doc>
<status status="PASS" starttime="20220606 02:49:58.663" endtime="20220606 02:49:58.777"/>
</kw>
<status status="PASS" starttime="20220606 02:49:57.619" endtime="20220606 02:49:58.777"/>
</kw>
<kw name="Search For Products" library="AmazonApp">
<kw name="Load Page" library="LandingPage">
<kw name="Go To" library="SeleniumLibrary">
<arg>https://amazon.com</arg>
<doc>Navigates the current browser window to the provided ``url``.</doc>
<msg timestamp="20220606 02:49:58.778" level="INFO">Opening url 'https://amazon.com'</msg>
<status status="PASS" starttime="20220606 02:49:58.778" endtime="20220606 02:50:00.620"/>
</kw>
<status status="PASS" starttime="20220606 02:49:58.778" endtime="20220606 02:50:00.620"/>
</kw>
<kw name="Verify Page Loaded" library="LandingPage">
<kw name="Wait Until Page Contains" library="SeleniumLibrary">
<arg>You are on amazon.com</arg>
<doc>Waits until ``text`` appears on the current page.</doc>
<status status="PASS" starttime="20220606 02:50:00.620" endtime="20220606 02:50:00.658"/>
</kw>
<status status="PASS" starttime="20220606 02:50:00.620" endtime="20220606 02:50:00.658"/>
</kw>
<kw name="Search for products" library="TopNav">
<kw name="Enter Search Term" library="TopNav">
<kw name="Input Text" library="SeleniumLibrary">
<arg>id=twotabsearchtextbox</arg>
<arg>Xbox Series X Console</arg>
<doc>Types the given ``text`` into the text field identified by ``locator``.</doc>
<msg timestamp="20220606 02:50:00.659" level="INFO">Typing text 'Xbox Series X Console' into text field 'id=twotabsearchtextbox'.</msg>
<status status="PASS" starttime="20220606 02:50:00.659" endtime="20220606 02:50:00.824"/>
</kw>
<status status="PASS" starttime="20220606 02:50:00.659" endtime="20220606 02:50:00.824"/>
</kw>
<kw name="Submit Search" library="TopNav">
<kw name="Click Button" library="SeleniumLibrary">
<arg>css=#nav-search-submit-button</arg>
<doc>Clicks the button identified by ``locator``.</doc>
<msg timestamp="20220606 02:50:00.825" level="INFO">Clicking button 'css=#nav-search-submit-button'.</msg>
<status status="PASS" starttime="20220606 02:50:00.824" endtime="20220606 02:50:03.433"/>
</kw>
<status status="PASS" starttime="20220606 02:50:00.824" endtime="20220606 02:50:03.433"/>
</kw>
<status status="PASS" starttime="20220606 02:50:00.659" endtime="20220606 02:50:03.434"/>
</kw>
<kw name="Verify Seach Completed" library="SearchResults">
<kw name="Wait Until Page Contains" library="SeleniumLibrary">
<arg>results for "Xbox Series X Console"</arg>
<doc>Waits until ``text`` appears on the current page.</doc>
<status status="PASS" starttime="20220606 02:50:03.434" endtime="20220606 02:50:03.453"/>
</kw>
<status status="PASS" starttime="20220606 02:50:03.434" endtime="20220606 02:50:03.453"/>
</kw>
<status status="PASS" starttime="20220606 02:49:58.777" endtime="20220606 02:50:03.453"/>
</kw>
<kw name="Select Product from Search Results" library="AmazonApp">
<kw name="Click Product Link" library="SearchResults">
<doc>Clicks on the first product in the search results list</doc>
<kw name="Click Link" library="SeleniumLibrary">
<arg>css=#search &gt; div.s-desktop-width-max.s-desktop-content.s-opposite-dir.sg-row &gt; div.s-matching-dir.sg-col-16-of-20.sg-col.sg-col-8-of-12.sg-col-12-of-16 &gt; div &gt; span:nth-child(4) &gt; div.s-main-slot.s-result-list.s-search-results.sg-row &gt; div:nth-child(8) &gt; div &gt; div &gt; div &gt; div &gt; div &gt; div.sg-col.sg-col-4-of-12.sg-col-8-of-16.sg-col-12-of-20.s-list-col-right &gt; div &gt; div &gt; div.a-section.a-spacing-none.s-padding-right-small.s-title-instructions-style &gt; h2 &gt; a</arg>
<doc>Clicks a link identified by ``locator``.</doc>
<msg timestamp="20220606 02:50:03.455" level="INFO">Clicking link 'css=#search &gt; div.s-desktop-width-max.s-desktop-content.s-opposite-dir.sg-row &gt; div.s-matching-dir.sg-col-16-of-20.sg-col.sg-col-8-of-12.sg-col-12-of-16 &gt; div &gt; span:nth-child(4) &gt; div.s-main-slot.s-result-list.s-search-results.sg-row &gt; div:nth-child(8) &gt; div &gt; div &gt; div &gt; div &gt; div &gt; div.sg-col.sg-col-4-of-12.sg-col-8-of-16.sg-col-12-of-20.s-list-col-right &gt; div &gt; div &gt; div.a-section.a-spacing-none.s-padding-right-small.s-title-instructions-style &gt; h2 &gt; a'.</msg>
<status status="PASS" starttime="20220606 02:50:03.455" endtime="20220606 02:50:05.955"/>
</kw>
<status status="PASS" starttime="20220606 02:50:03.454" endtime="20220606 02:50:05.955"/>
</kw>
<kw name="Verify Page Loaded" library="Product">
<kw name="Wait Until Page Contains" library="SeleniumLibrary">
<arg>Back to results</arg>
<doc>Waits until ``text`` appears on the current page.</doc>
<status status="PASS" starttime="20220606 02:50:05.956" endtime="20220606 02:50:05.979"/>
</kw>
<status status="PASS" starttime="20220606 02:50:05.955" endtime="20220606 02:50:05.979"/>
</kw>
<status status="PASS" starttime="20220606 02:50:03.454" endtime="20220606 02:50:05.979"/>
</kw>
<kw name="End Web Test" library="Common" type="TEARDOWN">
<kw name="Close Browser" library="SeleniumLibrary">
<doc>Closes the current browser.</doc>
<status status="PASS" starttime="20220606 02:50:05.980" endtime="20220606 02:50:08.088"/>
</kw>
<status status="PASS" starttime="20220606 02:50:05.980" endtime="20220606 02:50:08.088"/>
</kw>
<tag>Smoke</tag>
<status status="PASS" starttime="20220606 02:49:57.619" endtime="20220606 02:50:08.089"/>
</test>
<test id="s1-t3" name="Logged out user can add product to cart" line="19">
<kw name="Begin Web Test" library="Common" type="SETUP">
<kw name="Open Browser" library="SeleniumLibrary">
<arg>about:blank</arg>
<arg>chrome</arg>
<doc>Opens a new browser instance to the optional ``url``.</doc>
<msg timestamp="20220606 02:50:08.091" level="INFO">Opening browser 'chrome' to base url 'about:blank'.</msg>
<status status="PASS" starttime="20220606 02:50:08.090" endtime="20220606 02:50:09.143"/>
</kw>
<kw name="Maximize Browser Window" library="SeleniumLibrary">
<doc>Maximizes current browser window.</doc>
<status status="PASS" starttime="20220606 02:50:09.144" endtime="20220606 02:50:09.269"/>
</kw>
<status status="PASS" starttime="20220606 02:50:08.090" endtime="20220606 02:50:09.269"/>
</kw>
<kw name="Search For Products" library="AmazonApp">
<kw name="Load Page" library="LandingPage">
<kw name="Go To" library="SeleniumLibrary">
<arg>https://amazon.com</arg>
<doc>Navigates the current browser window to the provided ``url``.</doc>
<msg timestamp="20220606 02:50:09.271" level="INFO">Opening url 'https://amazon.com'</msg>
<status status="PASS" starttime="20220606 02:50:09.271" endtime="20220606 02:50:10.954"/>
</kw>
<status status="PASS" starttime="20220606 02:50:09.271" endtime="20220606 02:50:10.955"/>
</kw>
<kw name="Verify Page Loaded" library="LandingPage">
<kw name="Wait Until Page Contains" library="SeleniumLibrary">
<arg>You are on amazon.com</arg>
<doc>Waits until ``text`` appears on the current page.</doc>
<status status="PASS" starttime="20220606 02:50:10.955" endtime="20220606 02:50:10.975"/>
</kw>
<status status="PASS" starttime="20220606 02:50:10.955" endtime="20220606 02:50:10.976"/>
</kw>
<kw name="Search for products" library="TopNav">
<kw name="Enter Search Term" library="TopNav">
<kw name="Input Text" library="SeleniumLibrary">
<arg>id=twotabsearchtextbox</arg>
<arg>Xbox Series X Console</arg>
<doc>Types the given ``text`` into the text field identified by ``locator``.</doc>
<msg timestamp="20220606 02:50:10.976" level="INFO">Typing text 'Xbox Series X Console' into text field 'id=twotabsearchtextbox'.</msg>
<status status="PASS" starttime="20220606 02:50:10.976" endtime="20220606 02:50:11.121"/>
</kw>
<status status="PASS" starttime="20220606 02:50:10.976" endtime="20220606 02:50:11.121"/>
</kw>
<kw name="Submit Search" library="TopNav">
<kw name="Click Button" library="SeleniumLibrary">
<arg>css=#nav-search-submit-button</arg>
<doc>Clicks the button identified by ``locator``.</doc>
<msg timestamp="20220606 02:50:11.121" level="INFO">Clicking button 'css=#nav-search-submit-button'.</msg>
<status status="PASS" starttime="20220606 02:50:11.121" endtime="20220606 02:50:13.211"/>
</kw>
<status status="PASS" starttime="20220606 02:50:11.121" endtime="20220606 02:50:13.212"/>
</kw>
<status status="PASS" starttime="20220606 02:50:10.976" endtime="20220606 02:50:13.212"/>
</kw>
<kw name="Verify Seach Completed" library="SearchResults">
<kw name="Wait Until Page Contains" library="SeleniumLibrary">
<arg>results for "Xbox Series X Console"</arg>
<doc>Waits until ``text`` appears on the current page.</doc>
<status status="PASS" starttime="20220606 02:50:13.212" endtime="20220606 02:50:13.270"/>
</kw>
<status status="PASS" starttime="20220606 02:50:13.212" endtime="20220606 02:50:13.271"/>
</kw>
<status status="PASS" starttime="20220606 02:50:09.270" endtime="20220606 02:50:13.271"/>
</kw>
<kw name="Select Product from Search Results" library="AmazonApp">
<kw name="Click Product Link" library="SearchResults">
<doc>Clicks on the first product in the search results list</doc>
<kw name="Click Link" library="SeleniumLibrary">
<arg>css=#search &gt; div.s-desktop-width-max.s-desktop-content.s-opposite-dir.sg-row &gt; div.s-matching-dir.sg-col-16-of-20.sg-col.sg-col-8-of-12.sg-col-12-of-16 &gt; div &gt; span:nth-child(4) &gt; div.s-main-slot.s-result-list.s-search-results.sg-row &gt; div:nth-child(8) &gt; div &gt; div &gt; div &gt; div &gt; div &gt; div.sg-col.sg-col-4-of-12.sg-col-8-of-16.sg-col-12-of-20.s-list-col-right &gt; div &gt; div &gt; div.a-section.a-spacing-none.s-padding-right-small.s-title-instructions-style &gt; h2 &gt; a</arg>
<doc>Clicks a link identified by ``locator``.</doc>
<msg timestamp="20220606 02:50:13.272" level="INFO">Clicking link 'css=#search &gt; div.s-desktop-width-max.s-desktop-content.s-opposite-dir.sg-row &gt; div.s-matching-dir.sg-col-16-of-20.sg-col.sg-col-8-of-12.sg-col-12-of-16 &gt; div &gt; span:nth-child(4) &gt; div.s-main-slot.s-result-list.s-search-results.sg-row &gt; div:nth-child(8) &gt; div &gt; div &gt; div &gt; div &gt; div &gt; div.sg-col.sg-col-4-of-12.sg-col-8-of-16.sg-col-12-of-20.s-list-col-right &gt; div &gt; div &gt; div.a-section.a-spacing-none.s-padding-right-small.s-title-instructions-style &gt; h2 &gt; a'.</msg>
<status status="PASS" starttime="20220606 02:50:13.272" endtime="20220606 02:50:16.962"/>
</kw>
<status status="PASS" starttime="20220606 02:50:13.272" endtime="20220606 02:50:16.962"/>
</kw>
<kw name="Verify Page Loaded" library="Product">
<kw name="Wait Until Page Contains" library="SeleniumLibrary">
<arg>Back to results</arg>
<doc>Waits until ``text`` appears on the current page.</doc>
<status status="PASS" starttime="20220606 02:50:16.962" endtime="20220606 02:50:16.991"/>
</kw>
<status status="PASS" starttime="20220606 02:50:16.962" endtime="20220606 02:50:16.992"/>
</kw>
<status status="PASS" starttime="20220606 02:50:13.271" endtime="20220606 02:50:16.992"/>
</kw>
<kw name="Add Product to Cart" library="AmazonApp">
<kw name="Add to Cart" library="Product">
<kw name="Click Button" library="SeleniumLibrary">
<arg>Add to Cart</arg>
<doc>Clicks the button identified by ``locator``.</doc>
<msg timestamp="20220606 02:50:16.993" level="INFO">Clicking button 'Add to Cart'.</msg>
<status status="PASS" starttime="20220606 02:50:16.993" endtime="20220606 02:50:18.273"/>
</kw>
<status status="PASS" starttime="20220606 02:50:16.992" endtime="20220606 02:50:18.273"/>
</kw>
<kw name="Verify Product Added" library="Cart">
<kw name="Wait Until Page Contains" library="SeleniumLibrary">
<arg>Added to Cart</arg>
<doc>Waits until ``text`` appears on the current page.</doc>
<status status="PASS" starttime="20220606 02:50:18.274" endtime="20220606 02:50:18.308"/>
</kw>
<status status="PASS" starttime="20220606 02:50:18.273" endtime="20220606 02:50:18.308"/>
</kw>
<status status="PASS" starttime="20220606 02:50:16.992" endtime="20220606 02:50:18.308"/>
</kw>
<kw name="End Web Test" library="Common" type="TEARDOWN">
<kw name="Close Browser" library="SeleniumLibrary">
<doc>Closes the current browser.</doc>
<status status="PASS" starttime="20220606 02:50:18.309" endtime="20220606 02:50:20.429"/>
</kw>
<status status="PASS" starttime="20220606 02:50:18.308" endtime="20220606 02:50:20.430"/>
</kw>
<tag>Smoke</tag>
<status status="PASS" starttime="20220606 02:50:08.090" endtime="20220606 02:50:20.430"/>
</test>
<test id="s1-t4" name="Logged out user must sign in to check out" line="25">
<kw name="Begin Web Test" library="Common" type="SETUP">
<kw name="Open Browser" library="SeleniumLibrary">
<arg>about:blank</arg>
<arg>chrome</arg>
<doc>Opens a new browser instance to the optional ``url``.</doc>
<msg timestamp="20220606 02:50:20.433" level="INFO">Opening browser 'chrome' to base url 'about:blank'.</msg>
<status status="PASS" starttime="20220606 02:50:20.432" endtime="20220606 02:50:21.467"/>
</kw>
<kw name="Maximize Browser Window" library="SeleniumLibrary">
<doc>Maximizes current browser window.</doc>
<status status="PASS" starttime="20220606 02:50:21.468" endtime="20220606 02:50:21.596"/>
</kw>
<status status="PASS" starttime="20220606 02:50:20.432" endtime="20220606 02:50:21.596"/>
</kw>
<kw name="Search For Products" library="AmazonApp">
<kw name="Load Page" library="LandingPage">
<kw name="Go To" library="SeleniumLibrary">
<arg>https://amazon.com</arg>
<doc>Navigates the current browser window to the provided ``url``.</doc>
<msg timestamp="20220606 02:50:21.597" level="INFO">Opening url 'https://amazon.com'</msg>
<status status="PASS" starttime="20220606 02:50:21.597" endtime="20220606 02:50:23.687"/>
</kw>
<status status="PASS" starttime="20220606 02:50:21.597" endtime="20220606 02:50:23.687"/>
</kw>
<kw name="Verify Page Loaded" library="LandingPage">
<kw name="Wait Until Page Contains" library="SeleniumLibrary">
<arg>You are on amazon.com</arg>
<doc>Waits until ``text`` appears on the current page.</doc>
<status status="PASS" starttime="20220606 02:50:23.687" endtime="20220606 02:50:23.737"/>
</kw>
<status status="PASS" starttime="20220606 02:50:23.687" endtime="20220606 02:50:23.737"/>
</kw>
<kw name="Search for products" library="TopNav">
<kw name="Enter Search Term" library="TopNav">
<kw name="Input Text" library="SeleniumLibrary">
<arg>id=twotabsearchtextbox</arg>
<arg>Xbox Series X Console</arg>
<doc>Types the given ``text`` into the text field identified by ``locator``.</doc>
<msg timestamp="20220606 02:50:23.738" level="INFO">Typing text 'Xbox Series X Console' into text field 'id=twotabsearchtextbox'.</msg>
<status status="PASS" starttime="20220606 02:50:23.738" endtime="20220606 02:50:23.909"/>
</kw>
<status status="PASS" starttime="20220606 02:50:23.737" endtime="20220606 02:50:23.910"/>
</kw>
<kw name="Submit Search" library="TopNav">
<kw name="Click Button" library="SeleniumLibrary">
<arg>css=#nav-search-submit-button</arg>
<doc>Clicks the button identified by ``locator``.</doc>
<msg timestamp="20220606 02:50:23.910" level="INFO">Clicking button 'css=#nav-search-submit-button'.</msg>
<status status="PASS" starttime="20220606 02:50:23.910" endtime="20220606 02:50:26.740"/>
</kw>
<status status="PASS" starttime="20220606 02:50:23.910" endtime="20220606 02:50:26.740"/>
</kw>
<status status="PASS" starttime="20220606 02:50:23.737" endtime="20220606 02:50:26.740"/>
</kw>
<kw name="Verify Seach Completed" library="SearchResults">
<kw name="Wait Until Page Contains" library="SeleniumLibrary">
<arg>results for "Xbox Series X Console"</arg>
<doc>Waits until ``text`` appears on the current page.</doc>
<status status="PASS" starttime="20220606 02:50:26.741" endtime="20220606 02:50:26.762"/>
</kw>
<status status="PASS" starttime="20220606 02:50:26.740" endtime="20220606 02:50:26.762"/>
</kw>
<status status="PASS" starttime="20220606 02:50:21.597" endtime="20220606 02:50:26.762"/>
</kw>
<kw name="Select Product from Search Results" library="AmazonApp">
<kw name="Click Product Link" library="SearchResults">
<doc>Clicks on the first product in the search results list</doc>
<kw name="Click Link" library="SeleniumLibrary">
<arg>css=#search &gt; div.s-desktop-width-max.s-desktop-content.s-opposite-dir.sg-row &gt; div.s-matching-dir.sg-col-16-of-20.sg-col.sg-col-8-of-12.sg-col-12-of-16 &gt; div &gt; span:nth-child(4) &gt; div.s-main-slot.s-result-list.s-search-results.sg-row &gt; div:nth-child(8) &gt; div &gt; div &gt; div &gt; div &gt; div &gt; div.sg-col.sg-col-4-of-12.sg-col-8-of-16.sg-col-12-of-20.s-list-col-right &gt; div &gt; div &gt; div.a-section.a-spacing-none.s-padding-right-small.s-title-instructions-style &gt; h2 &gt; a</arg>
<doc>Clicks a link identified by ``locator``.</doc>
<msg timestamp="20220606 02:50:26.763" level="INFO">Clicking link 'css=#search &gt; div.s-desktop-width-max.s-desktop-content.s-opposite-dir.sg-row &gt; div.s-matching-dir.sg-col-16-of-20.sg-col.sg-col-8-of-12.sg-col-12-of-16 &gt; div &gt; span:nth-child(4) &gt; div.s-main-slot.s-result-list.s-search-results.sg-row &gt; div:nth-child(8) &gt; div &gt; div &gt; div &gt; div &gt; div &gt; div.sg-col.sg-col-4-of-12.sg-col-8-of-16.sg-col-12-of-20.s-list-col-right &gt; div &gt; div &gt; div.a-section.a-spacing-none.s-padding-right-small.s-title-instructions-style &gt; h2 &gt; a'.</msg>
<status status="PASS" starttime="20220606 02:50:26.763" endtime="20220606 02:50:29.558"/>
</kw>
<status status="PASS" starttime="20220606 02:50:26.763" endtime="20220606 02:50:29.558"/>
</kw>
<kw name="Verify Page Loaded" library="Product">
<kw name="Wait Until Page Contains" library="SeleniumLibrary">
<arg>Back to results</arg>
<doc>Waits until ``text`` appears on the current page.</doc>
<status status="PASS" starttime="20220606 02:50:29.558" endtime="20220606 02:50:29.593"/>
</kw>
<status status="PASS" starttime="20220606 02:50:29.558" endtime="20220606 02:50:29.593"/>
</kw>
<status status="PASS" starttime="20220606 02:50:26.763" endtime="20220606 02:50:29.593"/>
</kw>
<kw name="Add Product to Cart" library="AmazonApp">
<kw name="Add to Cart" library="Product">
<kw name="Click Button" library="SeleniumLibrary">
<arg>Add to Cart</arg>
<doc>Clicks the button identified by ``locator``.</doc>
<msg timestamp="20220606 02:50:29.594" level="INFO">Clicking button 'Add to Cart'.</msg>
<status status="PASS" starttime="20220606 02:50:29.594" endtime="20220606 02:50:30.865"/>
</kw>
<status status="PASS" starttime="20220606 02:50:29.594" endtime="20220606 02:50:30.865"/>
</kw>
<kw name="Verify Product Added" library="Cart">
<kw name="Wait Until Page Contains" library="SeleniumLibrary">
<arg>Added to Cart</arg>
<doc>Waits until ``text`` appears on the current page.</doc>
<status status="PASS" starttime="20220606 02:50:30.865" endtime="20220606 02:50:30.892"/>
</kw>
<status status="PASS" starttime="20220606 02:50:30.865" endtime="20220606 02:50:30.892"/>
</kw>
<status status="PASS" starttime="20220606 02:50:29.593" endtime="20220606 02:50:30.892"/>
</kw>
<kw name="Begin Checkout" library="AmazonApp">
<kw name="Proceed to Checkout" library="Cart">
<kw name="Click Button" library="SeleniumLibrary">
<arg>name=proceedToRetailCheckout</arg>
<doc>Clicks the button identified by ``locator``.</doc>
<msg timestamp="20220606 02:50:30.893" level="INFO">Clicking button 'name=proceedToRetailCheckout'.</msg>
<status status="PASS" starttime="20220606 02:50:30.893" endtime="20220606 02:50:32.377"/>
</kw>
<status status="PASS" starttime="20220606 02:50:30.893" endtime="20220606 02:50:32.377"/>
</kw>
<kw name="Verify Page Loaded" library="SignIn">
<kw name="Page Should Contain" library="SeleniumLibrary">
<arg>Email or mobile phone number</arg>
<doc>Verifies that current page contains ``text``.</doc>
<msg timestamp="20220606 02:50:32.393" level="INFO">Current page contains text 'Email or mobile phone number'.</msg>
<status status="PASS" starttime="20220606 02:50:32.378" endtime="20220606 02:50:32.394"/>
</kw>
<kw name="Element Text Should Be" library="SeleniumLibrary">
<arg>id=continue-announce</arg>
<arg>Continue</arg>
<doc>Verifies that element ``locator`` contains exact the text ``expected``.</doc>
<msg timestamp="20220606 02:50:32.394" level="INFO">Verifying element 'id=continue-announce' contains exact text 'Continue'.</msg>
<status status="PASS" starttime="20220606 02:50:32.394" endtime="20220606 02:50:32.411"/>
</kw>
<status status="PASS" starttime="20220606 02:50:32.377" endtime="20220606 02:50:32.411"/>
</kw>
<status status="PASS" starttime="20220606 02:50:30.892" endtime="20220606 02:50:32.411"/>
</kw>
<kw name="End Web Test" library="Common" type="TEARDOWN">
<kw name="Close Browser" library="SeleniumLibrary">
<doc>Closes the current browser.</doc>
<status status="PASS" starttime="20220606 02:50:32.412" endtime="20220606 02:50:34.538"/>
</kw>
<status status="PASS" starttime="20220606 02:50:32.412" endtime="20220606 02:50:34.539"/>
</kw>
<tag>LoggedOut</tag>
<status status="PASS" starttime="20220606 02:50:20.431" endtime="20220606 02:50:34.539"/>
</test>
<doc>This is some basic Amazon.com test</doc>
<status status="PASS" starttime="20220606 02:49:49.095" endtime="20220606 02:50:34.540"/>
</suite>
<statistics>
<total>
<stat pass="4" fail="0" skip="0">All Tests</stat>
</total>
<tag>
<stat pass="1" fail="0" skip="0">LoggedOut</stat>
<stat pass="3" fail="0" skip="0">Smoke</stat>
</tag>
<suite>
<stat pass="4" fail="0" skip="0" id="s1" name="Amazon">Amazon</stat>
</suite>
</statistics>
<errors>
</errors>
</robot>
