<?xml version="1.0" encoding="UTF-8"?>
<robot generator="Robot 5.0.1 (Python 3.9.7 on win32)" generated="20220606 02:23:28.166" rpa="false" schemaversion="3">
<suite id="s1" name="Amazon" source="C:\Users\byuks\Desktop\QA-Automation-Test-Robot-Framework\tests\Amazon.robot">
<test id="s1-t1" name="Logged out user can search for products" line="10">
<kw name="Begin Web Test" library="Common" type="SETUP">
<kw name="Open Browser" library="SeleniumLibrary">
<arg>about:blank</arg>
<arg>chrome</arg>
<doc>Opens a new browser instance to the optional ``url``.</doc>
<msg timestamp="20220606 02:23:28.381" level="INFO">Opening browser 'chrome' to base url 'about:blank'.</msg>
<status status="PASS" starttime="20220606 02:23:28.381" endtime="20220606 02:23:29.459"/>
</kw>
<kw name="Maximize Browser Window" library="SeleniumLibrary">
<doc>Maximizes current browser window.</doc>
<status status="PASS" starttime="20220606 02:23:29.460" endtime="20220606 02:23:29.577"/>
</kw>
<status status="PASS" starttime="20220606 02:23:28.380" endtime="20220606 02:23:29.578"/>
</kw>
<kw name="Search For Products" library="AmazonApp">
<kw name="Load Page" library="LandingPage">
<kw name="Go To" library="SeleniumLibrary">
<arg>https://amazon.com</arg>
<doc>Navigates the current browser window to the provided ``url``.</doc>
<msg timestamp="20220606 02:23:29.579" level="INFO">Opening url 'https://amazon.com'</msg>
<status status="PASS" starttime="20220606 02:23:29.579" endtime="20220606 02:23:31.505"/>
</kw>
<status status="PASS" starttime="20220606 02:23:29.578" endtime="20220606 02:23:31.505"/>
</kw>
<kw name="Verify Page Loaded" library="LandingPage">
<kw name="Wait Until Page Contains" library="SeleniumLibrary">
<arg>You are on amazon.com</arg>
<doc>Waits until ``text`` appears on the current page.</doc>
<status status="PASS" starttime="20220606 02:23:31.506" endtime="20220606 02:23:31.525"/>
</kw>
<status status="PASS" starttime="20220606 02:23:31.505" endtime="20220606 02:23:31.525"/>
</kw>
<kw name="Search for products" library="TopNav">
<kw name="Enter Search Term" library="TopNav">
<kw name="Input Text" library="SeleniumLibrary">
<arg>id=twotabsearchtextbox</arg>
<arg>Xbox Series X Console</arg>
<doc>Types the given ``text`` into the text field identified by ``locator``.</doc>
<msg timestamp="20220606 02:23:31.526" level="INFO">Typing text 'Xbox Series X Console' into text field 'id=twotabsearchtextbox'.</msg>
<status status="PASS" starttime="20220606 02:23:31.525" endtime="20220606 02:23:31.699"/>
</kw>
<status status="PASS" starttime="20220606 02:23:31.525" endtime="20220606 02:23:31.699"/>
</kw>
<kw name="Submit Search" library="TopNav">
<kw name="Click Button" library="SeleniumLibrary">
<arg>css=#nav-search-submit-button</arg>
<doc>Clicks the button identified by ``locator``.</doc>
<msg timestamp="20220606 02:23:31.700" level="INFO">Clicking button 'css=#nav-search-submit-button'.</msg>
<status status="PASS" starttime="20220606 02:23:31.700" endtime="20220606 02:23:34.632"/>
</kw>
<status status="PASS" starttime="20220606 02:23:31.700" endtime="20220606 02:23:34.632"/>
</kw>
<status status="PASS" starttime="20220606 02:23:31.525" endtime="20220606 02:23:34.633"/>
</kw>
<kw name="Verify Seach Completed" library="SearchResults">
<kw name="Wait Until Page Contains" library="SeleniumLibrary">
<arg>results for "Xbox Series X Console"</arg>
<doc>Waits until ``text`` appears on the current page.</doc>
<status status="PASS" starttime="20220606 02:23:34.633" endtime="20220606 02:23:34.652"/>
</kw>
<status status="PASS" starttime="20220606 02:23:34.633" endtime="20220606 02:23:34.652"/>
</kw>
<status status="PASS" starttime="20220606 02:23:29.578" endtime="20220606 02:23:34.652"/>
</kw>
<kw name="End Web Test" library="Common" type="TEARDOWN">
<kw name="Close Browser" library="SeleniumLibrary">
<doc>Closes the current browser.</doc>
<status status="PASS" starttime="20220606 02:23:34.653" endtime="20220606 02:23:36.763"/>
</kw>
<status status="PASS" starttime="20220606 02:23:34.653" endtime="20220606 02:23:36.764"/>
</kw>
<tag>Smoke</tag>
<status status="PASS" starttime="20220606 02:23:28.380" endtime="20220606 02:23:36.764"/>
</test>
<test id="s1-t2" name="Logged out user can view a product" line="14">
<kw name="Begin Web Test" library="Common" type="SETUP">
<kw name="Open Browser" library="SeleniumLibrary">
<arg>about:blank</arg>
<arg>chrome</arg>
<doc>Opens a new browser instance to the optional ``url``.</doc>
<msg timestamp="20220606 02:23:36.766" level="INFO">Opening browser 'chrome' to base url 'about:blank'.</msg>
<status status="PASS" starttime="20220606 02:23:36.766" endtime="20220606 02:23:37.801"/>
</kw>
<kw name="Maximize Browser Window" library="SeleniumLibrary">
<doc>Maximizes current browser window.</doc>
<status status="PASS" starttime="20220606 02:23:37.801" endtime="20220606 02:23:37.930"/>
</kw>
<status status="PASS" starttime="20220606 02:23:36.765" endtime="20220606 02:23:37.930"/>
</kw>
<kw name="Search For Products" library="AmazonApp">
<kw name="Load Page" library="LandingPage">
<kw name="Go To" library="SeleniumLibrary">
<arg>https://amazon.com</arg>
<doc>Navigates the current browser window to the provided ``url``.</doc>
<msg timestamp="20220606 02:23:37.932" level="INFO">Opening url 'https://amazon.com'</msg>
<status status="PASS" starttime="20220606 02:23:37.931" endtime="20220606 02:23:39.846"/>
</kw>
<status status="PASS" starttime="20220606 02:23:37.931" endtime="20220606 02:23:39.846"/>
</kw>
<kw name="Verify Page Loaded" library="LandingPage">
<kw name="Wait Until Page Contains" library="SeleniumLibrary">
<arg>You are on amazon.com</arg>
<doc>Waits until ``text`` appears on the current page.</doc>
<status status="PASS" starttime="20220606 02:23:39.846" endtime="20220606 02:23:39.867"/>
</kw>
<status status="PASS" starttime="20220606 02:23:39.846" endtime="20220606 02:23:39.867"/>
</kw>
<kw name="Search for products" library="TopNav">
<kw name="Enter Search Term" library="TopNav">
<kw name="Input Text" library="SeleniumLibrary">
<arg>id=twotabsearchtextbox</arg>
<arg>Xbox Series X Console</arg>
<doc>Types the given ``text`` into the text field identified by ``locator``.</doc>
<msg timestamp="20220606 02:23:39.868" level="INFO">Typing text 'Xbox Series X Console' into text field 'id=twotabsearchtextbox'.</msg>
<status status="PASS" starttime="20220606 02:23:39.868" endtime="20220606 02:23:40.024"/>
</kw>
<status status="PASS" starttime="20220606 02:23:39.868" endtime="20220606 02:23:40.025"/>
</kw>
<kw name="Submit Search" library="TopNav">
<kw name="Click Button" library="SeleniumLibrary">
<arg>css=#nav-search-submit-button</arg>
<doc>Clicks the button identified by ``locator``.</doc>
<msg timestamp="20220606 02:23:40.025" level="INFO">Clicking button 'css=#nav-search-submit-button'.</msg>
<status status="PASS" starttime="20220606 02:23:40.025" endtime="20220606 02:23:42.590"/>
</kw>
<status status="PASS" starttime="20220606 02:23:40.025" endtime="20220606 02:23:42.590"/>
</kw>
<status status="PASS" starttime="20220606 02:23:39.867" endtime="20220606 02:23:42.590"/>
</kw>
<kw name="Verify Seach Completed" library="SearchResults">
<kw name="Wait Until Page Contains" library="SeleniumLibrary">
<arg>results for "Xbox Series X Console"</arg>
<doc>Waits until ``text`` appears on the current page.</doc>
<status status="PASS" starttime="20220606 02:23:42.590" endtime="20220606 02:23:42.610"/>
</kw>
<status status="PASS" starttime="20220606 02:23:42.590" endtime="20220606 02:23:42.610"/>
</kw>
<status status="PASS" starttime="20220606 02:23:37.931" endtime="20220606 02:23:42.610"/>
</kw>
<kw name="Select Product from Search Results" library="AmazonApp">
<kw name="Click Product Link" library="SearchResults">
<doc>Clicks on the first product in the search results list</doc>
<kw name="Click Link" library="SeleniumLibrary">
<arg>css=#search &gt; div.s-desktop-width-max.s-desktop-content.s-opposite-dir.sg-row &gt; div.s-matching-dir.sg-col-16-of-20.sg-col.sg-col-8-of-12.sg-col-12-of-16 &gt; div &gt; span:nth-child(4) &gt; div.s-main-slot.s-result-list.s-search-results.sg-row &gt; div:nth-child(8) &gt; div &gt; div &gt; div &gt; div &gt; div &gt; div.sg-col.sg-col-4-of-12.sg-col-8-of-16.sg-col-12-of-20.s-list-col-right &gt; div &gt; div &gt; div.a-section.a-spacing-none.s-padding-right-small.s-title-instructions-style &gt; h2 &gt; a</arg>
<doc>Clicks a link identified by ``locator``.</doc>
<msg timestamp="20220606 02:23:42.611" level="INFO">Clicking link 'css=#search &gt; div.s-desktop-width-max.s-desktop-content.s-opposite-dir.sg-row &gt; div.s-matching-dir.sg-col-16-of-20.sg-col.sg-col-8-of-12.sg-col-12-of-16 &gt; div &gt; span:nth-child(4) &gt; div.s-main-slot.s-result-list.s-search-results.sg-row &gt; div:nth-child(8) &gt; div &gt; div &gt; div &gt; div &gt; div &gt; div.sg-col.sg-col-4-of-12.sg-col-8-of-16.sg-col-12-of-20.s-list-col-right &gt; div &gt; div &gt; div.a-section.a-spacing-none.s-padding-right-small.s-title-instructions-style &gt; h2 &gt; a'.</msg>
<status status="PASS" starttime="20220606 02:23:42.611" endtime="20220606 02:23:44.937"/>
</kw>
<status status="PASS" starttime="20220606 02:23:42.611" endtime="20220606 02:23:44.937"/>
</kw>
<kw name="Verify Page Loaded" library="Product">
<kw name="Wait Until Page Contains" library="SeleniumLibrary">
<arg>Back to results</arg>
<doc>Waits until ``text`` appears on the current page.</doc>
<status status="PASS" starttime="20220606 02:23:44.937" endtime="20220606 02:23:44.961"/>
</kw>
<status status="PASS" starttime="20220606 02:23:44.937" endtime="20220606 02:23:44.962"/>
</kw>
<status status="PASS" starttime="20220606 02:23:42.611" endtime="20220606 02:23:44.962"/>
</kw>
<kw name="End Web Test" library="Common" type="TEARDOWN">
<kw name="Close Browser" library="SeleniumLibrary">
<doc>Closes the current browser.</doc>
<status status="PASS" starttime="20220606 02:23:44.962" endtime="20220606 02:23:47.066"/>
</kw>
<status status="PASS" starttime="20220606 02:23:44.962" endtime="20220606 02:23:47.067"/>
</kw>
<tag>Smoke</tag>
<status status="PASS" starttime="20220606 02:23:36.765" endtime="20220606 02:23:47.067"/>
</test>
<test id="s1-t3" name="Logged out user can add product to cart" line="19">
<kw name="Begin Web Test" library="Common" type="SETUP">
<kw name="Open Browser" library="SeleniumLibrary">
<arg>about:blank</arg>
<arg>chrome</arg>
<doc>Opens a new browser instance to the optional ``url``.</doc>
<msg timestamp="20220606 02:23:47.069" level="INFO">Opening browser 'chrome' to base url 'about:blank'.</msg>
<status status="PASS" starttime="20220606 02:23:47.069" endtime="20220606 02:23:48.118"/>
</kw>
<kw name="Maximize Browser Window" library="SeleniumLibrary">
<doc>Maximizes current browser window.</doc>
<status status="PASS" starttime="20220606 02:23:48.118" endtime="20220606 02:23:48.236"/>
</kw>
<status status="PASS" starttime="20220606 02:23:47.069" endtime="20220606 02:23:48.236"/>
</kw>
<kw name="Search For Products" library="AmazonApp">
<kw name="Load Page" library="LandingPage">
<kw name="Go To" library="SeleniumLibrary">
<arg>https://amazon.com</arg>
<doc>Navigates the current browser window to the provided ``url``.</doc>
<msg timestamp="20220606 02:23:48.237" level="INFO">Opening url 'https://amazon.com'</msg>
<status status="PASS" starttime="20220606 02:23:48.237" endtime="20220606 02:23:50.247"/>
</kw>
<status status="PASS" starttime="20220606 02:23:48.237" endtime="20220606 02:23:50.247"/>
</kw>
<kw name="Verify Page Loaded" library="LandingPage">
<kw name="Wait Until Page Contains" library="SeleniumLibrary">
<arg>You are on amazon.com</arg>
<doc>Waits until ``text`` appears on the current page.</doc>
<status status="PASS" starttime="20220606 02:23:50.248" endtime="20220606 02:23:50.293"/>
</kw>
<status status="PASS" starttime="20220606 02:23:50.247" endtime="20220606 02:23:50.293"/>
</kw>
<kw name="Search for products" library="TopNav">
<kw name="Enter Search Term" library="TopNav">
<kw name="Input Text" library="SeleniumLibrary">
<arg>id=twotabsearchtextbox</arg>
<arg>Xbox Series X Console</arg>
<doc>Types the given ``text`` into the text field identified by ``locator``.</doc>
<msg timestamp="20220606 02:23:50.294" level="INFO">Typing text 'Xbox Series X Console' into text field 'id=twotabsearchtextbox'.</msg>
<status status="PASS" starttime="20220606 02:23:50.294" endtime="20220606 02:23:50.462"/>
</kw>
<status status="PASS" starttime="20220606 02:23:50.294" endtime="20220606 02:23:50.462"/>
</kw>
<kw name="Submit Search" library="TopNav">
<kw name="Click Button" library="SeleniumLibrary">
<arg>css=#nav-search-submit-button</arg>
<doc>Clicks the button identified by ``locator``.</doc>
<msg timestamp="20220606 02:23:50.463" level="INFO">Clicking button 'css=#nav-search-submit-button'.</msg>
<status status="PASS" starttime="20220606 02:23:50.463" endtime="20220606 02:23:52.462"/>
</kw>
<status status="PASS" starttime="20220606 02:23:50.462" endtime="20220606 02:23:52.463"/>
</kw>
<status status="PASS" starttime="20220606 02:23:50.293" endtime="20220606 02:23:52.463"/>
</kw>
<kw name="Verify Seach Completed" library="SearchResults">
<kw name="Wait Until Page Contains" library="SeleniumLibrary">
<arg>results for "Xbox Series X Console"</arg>
<doc>Waits until ``text`` appears on the current page.</doc>
<status status="PASS" starttime="20220606 02:23:52.463" endtime="20220606 02:23:52.482"/>
</kw>
<status status="PASS" starttime="20220606 02:23:52.463" endtime="20220606 02:23:52.482"/>
</kw>
<status status="PASS" starttime="20220606 02:23:48.236" endtime="20220606 02:23:52.483"/>
</kw>
<kw name="Select Product from Search Results" library="AmazonApp">
<kw name="Click Product Link" library="SearchResults">
<doc>Clicks on the first product in the search results list</doc>
<kw name="Click Link" library="SeleniumLibrary">
<arg>css=#search &gt; div.s-desktop-width-max.s-desktop-content.s-opposite-dir.sg-row &gt; div.s-matching-dir.sg-col-16-of-20.sg-col.sg-col-8-of-12.sg-col-12-of-16 &gt; div &gt; span:nth-child(4) &gt; div.s-main-slot.s-result-list.s-search-results.sg-row &gt; div:nth-child(8) &gt; div &gt; div &gt; div &gt; div &gt; div &gt; div.sg-col.sg-col-4-of-12.sg-col-8-of-16.sg-col-12-of-20.s-list-col-right &gt; div &gt; div &gt; div.a-section.a-spacing-none.s-padding-right-small.s-title-instructions-style &gt; h2 &gt; a</arg>
<doc>Clicks a link identified by ``locator``.</doc>
<msg timestamp="20220606 02:23:52.483" level="INFO">Clicking link 'css=#search &gt; div.s-desktop-width-max.s-desktop-content.s-opposite-dir.sg-row &gt; div.s-matching-dir.sg-col-16-of-20.sg-col.sg-col-8-of-12.sg-col-12-of-16 &gt; div &gt; span:nth-child(4) &gt; div.s-main-slot.s-result-list.s-search-results.sg-row &gt; div:nth-child(8) &gt; div &gt; div &gt; div &gt; div &gt; div &gt; div.sg-col.sg-col-4-of-12.sg-col-8-of-16.sg-col-12-of-20.s-list-col-right &gt; div &gt; div &gt; div.a-section.a-spacing-none.s-padding-right-small.s-title-instructions-style &gt; h2 &gt; a'.</msg>
<status status="PASS" starttime="20220606 02:23:52.483" endtime="20220606 02:23:55.085"/>
</kw>
<status status="PASS" starttime="20220606 02:23:52.483" endtime="20220606 02:23:55.085"/>
</kw>
<kw name="Verify Page Loaded" library="Product">
<kw name="Wait Until Page Contains" library="SeleniumLibrary">
<arg>Back to results</arg>
<doc>Waits until ``text`` appears on the current page.</doc>
<status status="PASS" starttime="20220606 02:23:55.085" endtime="20220606 02:23:55.110"/>
</kw>
<status status="PASS" starttime="20220606 02:23:55.085" endtime="20220606 02:23:55.110"/>
</kw>
<status status="PASS" starttime="20220606 02:23:52.483" endtime="20220606 02:23:55.110"/>
</kw>
<kw name="Add Product to Cart" library="AmazonApp">
<kw name="Add to Cart" library="Product">
<kw name="Click Button" library="SeleniumLibrary">
<arg>id=add-to-cart-button-ubb</arg>
<doc>Clicks the button identified by ``locator``.</doc>
<msg timestamp="20220606 02:23:55.111" level="INFO">Clicking button 'id=add-to-cart-button-ubb'.</msg>
<status status="PASS" starttime="20220606 02:23:55.111" endtime="20220606 02:23:56.645"/>
</kw>
<status status="PASS" starttime="20220606 02:23:55.111" endtime="20220606 02:23:56.645"/>
</kw>
<kw name="Verify Product Added" library="Cart">
<kw name="Wait Until Page Contains" library="SeleniumLibrary">
<arg>Added to Cart</arg>
<doc>Waits until ``text`` appears on the current page.</doc>
<status status="PASS" starttime="20220606 02:23:56.645" endtime="20220606 02:23:56.677"/>
</kw>
<status status="PASS" starttime="20220606 02:23:56.645" endtime="20220606 02:23:56.677"/>
</kw>
<status status="PASS" starttime="20220606 02:23:55.111" endtime="20220606 02:23:56.677"/>
</kw>
<kw name="End Web Test" library="Common" type="TEARDOWN">
<kw name="Close Browser" library="SeleniumLibrary">
<doc>Closes the current browser.</doc>
<status status="PASS" starttime="20220606 02:23:56.678" endtime="20220606 02:23:58.775"/>
</kw>
<status status="PASS" starttime="20220606 02:23:56.677" endtime="20220606 02:23:58.775"/>
</kw>
<tag>Smoke</tag>
<status status="PASS" starttime="20220606 02:23:47.068" endtime="20220606 02:23:58.776"/>
</test>
<test id="s1-t4" name="Logged out user must sign in to check out" line="25">
<kw name="Begin Web Test" library="Common" type="SETUP">
<kw name="Open Browser" library="SeleniumLibrary">
<arg>about:blank</arg>
<arg>chrome</arg>
<doc>Opens a new browser instance to the optional ``url``.</doc>
<msg timestamp="20220606 02:23:58.777" level="INFO">Opening browser 'chrome' to base url 'about:blank'.</msg>
<status status="PASS" starttime="20220606 02:23:58.777" endtime="20220606 02:23:59.815"/>
</kw>
<kw name="Maximize Browser Window" library="SeleniumLibrary">
<doc>Maximizes current browser window.</doc>
<status status="PASS" starttime="20220606 02:23:59.815" endtime="20220606 02:23:59.934"/>
</kw>
<status status="PASS" starttime="20220606 02:23:58.777" endtime="20220606 02:23:59.934"/>
</kw>
<kw name="Search For Products" library="AmazonApp">
<kw name="Load Page" library="LandingPage">
<kw name="Go To" library="SeleniumLibrary">
<arg>https://amazon.com</arg>
<doc>Navigates the current browser window to the provided ``url``.</doc>
<msg timestamp="20220606 02:23:59.935" level="INFO">Opening url 'https://amazon.com'</msg>
<status status="PASS" starttime="20220606 02:23:59.935" endtime="20220606 02:24:01.901"/>
</kw>
<status status="PASS" starttime="20220606 02:23:59.934" endtime="20220606 02:24:01.901"/>
</kw>
<kw name="Verify Page Loaded" library="LandingPage">
<kw name="Wait Until Page Contains" library="SeleniumLibrary">
<arg>You are on amazon.com</arg>
<doc>Waits until ``text`` appears on the current page.</doc>
<status status="PASS" starttime="20220606 02:24:01.902" endtime="20220606 02:24:01.923"/>
</kw>
<status status="PASS" starttime="20220606 02:24:01.902" endtime="20220606 02:24:01.923"/>
</kw>
<kw name="Search for products" library="TopNav">
<kw name="Enter Search Term" library="TopNav">
<kw name="Input Text" library="SeleniumLibrary">
<arg>id=twotabsearchtextbox</arg>
<arg>Xbox Series X Console</arg>
<doc>Types the given ``text`` into the text field identified by ``locator``.</doc>
<msg timestamp="20220606 02:24:01.924" level="INFO">Typing text 'Xbox Series X Console' into text field 'id=twotabsearchtextbox'.</msg>
<status status="PASS" starttime="20220606 02:24:01.923" endtime="20220606 02:24:02.124"/>
</kw>
<status status="PASS" starttime="20220606 02:24:01.923" endtime="20220606 02:24:02.124"/>
</kw>
<kw name="Submit Search" library="TopNav">
<kw name="Click Button" library="SeleniumLibrary">
<arg>css=#nav-search-submit-button</arg>
<doc>Clicks the button identified by ``locator``.</doc>
<msg timestamp="20220606 02:24:02.125" level="INFO">Clicking button 'css=#nav-search-submit-button'.</msg>
<status status="PASS" starttime="20220606 02:24:02.125" endtime="20220606 02:24:04.439"/>
</kw>
<status status="PASS" starttime="20220606 02:24:02.124" endtime="20220606 02:24:04.439"/>
</kw>
<status status="PASS" starttime="20220606 02:24:01.923" endtime="20220606 02:24:04.440"/>
</kw>
<kw name="Verify Seach Completed" library="SearchResults">
<kw name="Wait Until Page Contains" library="SeleniumLibrary">
<arg>results for "Xbox Series X Console"</arg>
<doc>Waits until ``text`` appears on the current page.</doc>
<status status="PASS" starttime="20220606 02:24:04.440" endtime="20220606 02:24:04.519"/>
</kw>
<status status="PASS" starttime="20220606 02:24:04.440" endtime="20220606 02:24:04.519"/>
</kw>
<status status="PASS" starttime="20220606 02:23:59.934" endtime="20220606 02:24:04.519"/>
</kw>
<kw name="Select Product from Search Results" library="AmazonApp">
<kw name="Click Product Link" library="SearchResults">
<doc>Clicks on the first product in the search results list</doc>
<kw name="Click Link" library="SeleniumLibrary">
<arg>css=#search &gt; div.s-desktop-width-max.s-desktop-content.s-opposite-dir.sg-row &gt; div.s-matching-dir.sg-col-16-of-20.sg-col.sg-col-8-of-12.sg-col-12-of-16 &gt; div &gt; span:nth-child(4) &gt; div.s-main-slot.s-result-list.s-search-results.sg-row &gt; div:nth-child(8) &gt; div &gt; div &gt; div &gt; div &gt; div &gt; div.sg-col.sg-col-4-of-12.sg-col-8-of-16.sg-col-12-of-20.s-list-col-right &gt; div &gt; div &gt; div.a-section.a-spacing-none.s-padding-right-small.s-title-instructions-style &gt; h2 &gt; a</arg>
<doc>Clicks a link identified by ``locator``.</doc>
<msg timestamp="20220606 02:24:04.520" level="INFO">Clicking link 'css=#search &gt; div.s-desktop-width-max.s-desktop-content.s-opposite-dir.sg-row &gt; div.s-matching-dir.sg-col-16-of-20.sg-col.sg-col-8-of-12.sg-col-12-of-16 &gt; div &gt; span:nth-child(4) &gt; div.s-main-slot.s-result-list.s-search-results.sg-row &gt; div:nth-child(8) &gt; div &gt; div &gt; div &gt; div &gt; div &gt; div.sg-col.sg-col-4-of-12.sg-col-8-of-16.sg-col-12-of-20.s-list-col-right &gt; div &gt; div &gt; div.a-section.a-spacing-none.s-padding-right-small.s-title-instructions-style &gt; h2 &gt; a'.</msg>
<status status="PASS" starttime="20220606 02:24:04.520" endtime="20220606 02:24:06.615"/>
</kw>
<status status="PASS" starttime="20220606 02:24:04.520" endtime="20220606 02:24:06.616"/>
</kw>
<kw name="Verify Page Loaded" library="Product">
<kw name="Wait Until Page Contains" library="SeleniumLibrary">
<arg>Back to results</arg>
<doc>Waits until ``text`` appears on the current page.</doc>
<status status="PASS" starttime="20220606 02:24:06.616" endtime="20220606 02:24:06.644"/>
</kw>
<status status="PASS" starttime="20220606 02:24:06.616" endtime="20220606 02:24:06.644"/>
</kw>
<status status="PASS" starttime="20220606 02:24:04.519" endtime="20220606 02:24:06.644"/>
</kw>
<kw name="Add Product to Cart" library="AmazonApp">
<kw name="Add to Cart" library="Product">
<kw name="Click Button" library="SeleniumLibrary">
<arg>id=add-to-cart-button-ubb</arg>
<doc>Clicks the button identified by ``locator``.</doc>
<msg timestamp="20220606 02:24:06.645" level="INFO">Clicking button 'id=add-to-cart-button-ubb'.</msg>
<status status="PASS" starttime="20220606 02:24:06.645" endtime="20220606 02:24:08.087"/>
</kw>
<status status="PASS" starttime="20220606 02:24:06.644" endtime="20220606 02:24:08.088"/>
</kw>
<kw name="Verify Product Added" library="Cart">
<kw name="Wait Until Page Contains" library="SeleniumLibrary">
<arg>Added to Cart</arg>
<doc>Waits until ``text`` appears on the current page.</doc>
<status status="PASS" starttime="20220606 02:24:08.088" endtime="20220606 02:24:08.106"/>
</kw>
<status status="PASS" starttime="20220606 02:24:08.088" endtime="20220606 02:24:08.107"/>
</kw>
<status status="PASS" starttime="20220606 02:24:06.644" endtime="20220606 02:24:08.107"/>
</kw>
<kw name="Begin Checkout" library="AmazonApp">
<kw name="Proceed to Checkout" library="Cart">
<kw name="Click Button" library="SeleniumLibrary">
<arg>name=proceedToRetailCheckout</arg>
<doc>Clicks the button identified by ``locator``.</doc>
<msg timestamp="20220606 02:24:08.108" level="INFO">Clicking button 'name=proceedToRetailCheckout'.</msg>
<status status="PASS" starttime="20220606 02:24:08.108" endtime="20220606 02:24:09.422"/>
</kw>
<status status="PASS" starttime="20220606 02:24:08.107" endtime="20220606 02:24:09.422"/>
</kw>
<kw name="Verify Page Loaded" library="SignIn">
<kw name="Page Should Contain" library="SeleniumLibrary">
<arg>Email or mobile phone number</arg>
<doc>Verifies that current page contains ``text``.</doc>
<msg timestamp="20220606 02:24:09.437" level="INFO">Current page contains text 'Email or mobile phone number'.</msg>
<status status="PASS" starttime="20220606 02:24:09.422" endtime="20220606 02:24:09.437"/>
</kw>
<kw name="Element Text Should Be" library="SeleniumLibrary">
<arg>id=continue-announce</arg>
<arg>Continue</arg>
<doc>Verifies that element ``locator`` contains exact the text ``expected``.</doc>
<msg timestamp="20220606 02:24:09.438" level="INFO">Verifying element 'id=continue-announce' contains exact text 'Continue'.</msg>
<status status="PASS" starttime="20220606 02:24:09.437" endtime="20220606 02:24:09.455"/>
</kw>
<status status="PASS" starttime="20220606 02:24:09.422" endtime="20220606 02:24:09.455"/>
</kw>
<status status="PASS" starttime="20220606 02:24:08.107" endtime="20220606 02:24:09.455"/>
</kw>
<kw name="End Web Test" library="Common" type="TEARDOWN">
<kw name="Close Browser" library="SeleniumLibrary">
<doc>Closes the current browser.</doc>
<status status="PASS" starttime="20220606 02:24:09.455" endtime="20220606 02:24:11.577"/>
</kw>
<status status="PASS" starttime="20220606 02:24:09.455" endtime="20220606 02:24:11.577"/>
</kw>
<tag>LoggedOut</tag>
<status status="PASS" starttime="20220606 02:23:58.777" endtime="20220606 02:24:11.577"/>
</test>
<doc>This is some basic info about whole suite</doc>
<status status="PASS" starttime="20220606 02:23:28.167" endtime="20220606 02:24:11.578"/>
</suite>
<statistics>
<total>
<stat pass="4" fail="0" skip="0">All Tests</stat>
</total>
<tag>
<stat pass="1" fail="0" skip="0">LoggedOut</stat>
<stat pass="3" fail="0" skip="0">Smoke</stat>
</tag>
<suite>
<stat pass="4" fail="0" skip="0" id="s1" name="Amazon">Amazon</stat>
</suite>
</statistics>
<errors>
</errors>
</robot>
