<?xml version="1.0" encoding="UTF-8"?>
<robot generator="Robot 5.0.1 (Python 3.9.7 on win32)" generated="20220608 00:22:34.182" rpa="false" schemaversion="3">
<suite id="s1" name="Amazon" source="C:\Users\byuks\Desktop\QA-Automation-Test-Robot-Framework\tests\Amazon.robot">
<test id="s1-t1" name="Logged out user can search for products" line="16">
<kw name="Begin Web Test" library="Common" type="SETUP">
<arg>${BROWSER}</arg>
<kw name="Open Browser" library="SeleniumLibrary">
<arg>about:blank</arg>
<arg>${BROWSER}</arg>
<doc>Opens a new browser instance to the optional ``url``.</doc>
<msg timestamp="20220608 00:22:34.368" level="INFO">Opening browser 'chrome' to base url 'about:blank'.</msg>
<status status="PASS" starttime="20220608 00:22:34.367" endtime="20220608 00:22:35.414"/>
</kw>
<kw name="Maximize Browser Window" library="SeleniumLibrary">
<doc>Maximizes current browser window.</doc>
<status status="PASS" starttime="20220608 00:22:35.414" endtime="20220608 00:22:35.530"/>
</kw>
<status status="PASS" starttime="20220608 00:22:34.367" endtime="20220608 00:22:35.530"/>
</kw>
<kw name="Search For Products" library="AmazonApp">
<arg>${START_URL}</arg>
<kw name="Load Page" library="LandingPage">
<arg>${START_URL}</arg>
<kw name="Go To" library="SeleniumLibrary">
<arg>${START_URL}</arg>
<doc>Navigates the current browser window to the provided ``url``.</doc>
<msg timestamp="20220608 00:22:35.531" level="INFO">Opening url 'https://amazon.com'</msg>
<status status="PASS" starttime="20220608 00:22:35.531" endtime="20220608 00:22:37.421"/>
</kw>
<status status="PASS" starttime="20220608 00:22:35.531" endtime="20220608 00:22:37.421"/>
</kw>
<kw name="Verify Page Loaded" library="LandingPage">
<kw name="Wait Until Page Contains" library="SeleniumLibrary">
<arg>Hello, Sign in</arg>
<doc>Waits until ``text`` appears on the current page.</doc>
<status status="PASS" starttime="20220608 00:22:37.421" endtime="20220608 00:22:37.441"/>
</kw>
<status status="PASS" starttime="20220608 00:22:37.421" endtime="20220608 00:22:37.441"/>
</kw>
<kw name="Search for products" library="TopNav">
<kw name="Enter Search Term" library="TopNav">
<kw name="Input Text" library="SeleniumLibrary">
<arg>${TOPNAV_SEARCH_BAR}</arg>
<arg>${SEARCH_TERM}</arg>
<doc>Types the given ``text`` into the text field identified by ``locator``.</doc>
<msg timestamp="20220608 00:22:37.442" level="INFO">Typing text 'msi laptop' into text field 'id=twotabsearchtextbox'.</msg>
<status status="PASS" starttime="20220608 00:22:37.441" endtime="20220608 00:22:37.588"/>
</kw>
<status status="PASS" starttime="20220608 00:22:37.441" endtime="20220608 00:22:37.588"/>
</kw>
<kw name="Submit Search" library="TopNav">
<kw name="Click Button" library="SeleniumLibrary">
<arg>${TOPNAV_SEARCH_BUTTON}</arg>
<doc>Clicks the button identified by ``locator``.</doc>
<msg timestamp="20220608 00:22:37.588" level="INFO">Clicking button 'css=#nav-search-submit-button'.</msg>
<status status="PASS" starttime="20220608 00:22:37.588" endtime="20220608 00:22:40.095"/>
</kw>
<status status="PASS" starttime="20220608 00:22:37.588" endtime="20220608 00:22:40.095"/>
</kw>
<status status="PASS" starttime="20220608 00:22:37.441" endtime="20220608 00:22:40.095"/>
</kw>
<kw name="Verify Seach Completed" library="SearchResults">
<kw name="Wait Until Page Contains" library="SeleniumLibrary">
<arg>results for "${SEARCH_TERM}"</arg>
<doc>Waits until ``text`` appears on the current page.</doc>
<status status="PASS" starttime="20220608 00:22:40.096" endtime="20220608 00:22:40.117"/>
</kw>
<status status="PASS" starttime="20220608 00:22:40.096" endtime="20220608 00:22:40.117"/>
</kw>
<status status="PASS" starttime="20220608 00:22:35.531" endtime="20220608 00:22:40.117"/>
</kw>
<kw name="End Web Test" library="Common" type="TEARDOWN">
<kw name="Close Browser" library="SeleniumLibrary">
<doc>Closes the current browser.</doc>
<msg timestamp="20220608 00:22:42.216" level="ERROR">When closing browser, received exception: Execution terminated by signal</msg>
<msg timestamp="20220608 00:22:42.217" level="INFO">Cannot capture screenshot because no browser is open.</msg>
<status status="FAIL" starttime="20220608 00:22:40.118" endtime="20220608 00:22:42.217"/>
</kw>
<status status="FAIL" starttime="20220608 00:22:40.118" endtime="20220608 00:22:42.217">Execution terminated by signal</status>
</kw>
<tag>Search Product</tag>
<status status="FAIL" starttime="20220608 00:22:34.366" endtime="20220608 00:22:42.218">Teardown failed:
Execution terminated by signal</status>
</test>
<test id="s1-t2" name="Logged out user can view a product" line="20">
<tag>robot:exit</tag>
<tag>View Product</tag>
<status status="FAIL" starttime="20220608 00:22:42.220" endtime="20220608 00:22:42.220">Test execution stopped due to a fatal error.</status>
</test>
<test id="s1-t3" name="Logged out user can add product to cart" line="25">
<tag>Add to Cart</tag>
<tag>robot:exit</tag>
<status status="FAIL" starttime="20220608 00:22:42.221" endtime="20220608 00:22:42.222">Test execution stopped due to a fatal error.</status>
</test>
<test id="s1-t4" name="Logged out user must sign in to check out" line="31">
<tag>robot:exit</tag>
<tag>User Must Sign In</tag>
<status status="FAIL" starttime="20220608 00:22:42.223" endtime="20220608 00:22:42.223">Test execution stopped due to a fatal error.</status>
</test>
<doc>This is some basic Amazon.com test</doc>
<status status="FAIL" starttime="20220608 00:22:34.184" endtime="20220608 00:22:42.224"/>
</suite>
<statistics>
<total>
<stat pass="0" fail="4" skip="0">All Tests</stat>
</total>
<tag>
<stat pass="0" fail="1" skip="0" info="combined" combined="NOT robot:exit">NOT robot:exit</stat>
<stat pass="0" fail="1" skip="0">Add to Cart</stat>
<stat pass="0" fail="1" skip="0">Search Product</stat>
<stat pass="0" fail="1" skip="0">User Must Sign In</stat>
<stat pass="0" fail="1" skip="0">View Product</stat>
</tag>
<suite>
<stat pass="0" fail="4" skip="0" id="s1" name="Amazon">Amazon</stat>
</suite>
</statistics>
<errors>
<msg timestamp="20220608 00:22:42.216" level="ERROR">When closing browser, received exception: Execution terminated by signal</msg>
</errors>
</robot>
