<?xml version="1.0" encoding="UTF-8"?>
<robot generator="Robot 5.0.1 (Python 3.9.7 on win32)" generated="20220606 02:56:42.688" rpa="false" schemaversion="3">
<suite id="s1" name="Amazon" source="C:\Users\byuks\Desktop\QA-Automation-Test-Robot-Framework\tests\Amazon.robot">
<test id="s1-t1" name="Logged out user can search for products" line="10">
<kw name="Begin Web Test" library="Common" type="SETUP">
<kw name="Open Browser" library="SeleniumLibrary">
<arg>about:blank</arg>
<arg>chrome</arg>
<doc>Opens a new browser instance to the optional ``url``.</doc>
<msg timestamp="20220606 02:56:42.890" level="INFO">Opening browser 'chrome' to base url 'about:blank'.</msg>
<status status="PASS" starttime="20220606 02:56:42.889" endtime="20220606 02:56:43.939"/>
</kw>
<kw name="Maximize Browser Window" library="SeleniumLibrary">
<doc>Maximizes current browser window.</doc>
<status status="PASS" starttime="20220606 02:56:43.939" endtime="20220606 02:56:44.054"/>
</kw>
<status status="PASS" starttime="20220606 02:56:42.889" endtime="20220606 02:56:44.055"/>
</kw>
<kw name="Search For Products" library="AmazonApp">
<kw name="Load Page" library="LandingPage">
<kw name="Go To" library="SeleniumLibrary">
<arg>https://amazon.com</arg>
<doc>Navigates the current browser window to the provided ``url``.</doc>
<msg timestamp="20220606 02:56:44.056" level="INFO">Opening url 'https://amazon.com'</msg>
<status status="PASS" starttime="20220606 02:56:44.056" endtime="20220606 02:56:45.993"/>
</kw>
<status status="PASS" starttime="20220606 02:56:44.056" endtime="20220606 02:56:45.993"/>
</kw>
<kw name="Verify Page Loaded" library="LandingPage">
<kw name="Wait Until Page Contains" library="SeleniumLibrary">
<arg>You are on amazon.com</arg>
<doc>Waits until ``text`` appears on the current page.</doc>
<status status="PASS" starttime="20220606 02:56:45.994" endtime="20220606 02:56:46.017"/>
</kw>
<status status="PASS" starttime="20220606 02:56:45.994" endtime="20220606 02:56:46.017"/>
</kw>
<kw name="Search for products" library="TopNav">
<kw name="Enter Search Term" library="TopNav">
<kw name="Input Text" library="SeleniumLibrary">
<arg>id=twotabsearchtextbox</arg>
<arg>Xbox Series X Console</arg>
<doc>Types the given ``text`` into the text field identified by ``locator``.</doc>
<msg timestamp="20220606 02:56:46.018" level="INFO">Typing text 'Xbox Series X Console' into text field 'id=twotabsearchtextbox'.</msg>
<status status="PASS" starttime="20220606 02:56:46.018" endtime="20220606 02:56:46.230"/>
</kw>
<status status="PASS" starttime="20220606 02:56:46.018" endtime="20220606 02:56:46.230"/>
</kw>
<kw name="Submit Search" library="TopNav">
<kw name="Click Button" library="SeleniumLibrary">
<arg>css=#nav-search-submit-button</arg>
<doc>Clicks the button identified by ``locator``.</doc>
<msg timestamp="20220606 02:56:46.231" level="INFO">Clicking button 'css=#nav-search-submit-button'.</msg>
<status status="PASS" starttime="20220606 02:56:46.231" endtime="20220606 02:56:49.108"/>
</kw>
<status status="PASS" starttime="20220606 02:56:46.231" endtime="20220606 02:56:49.108"/>
</kw>
<status status="PASS" starttime="20220606 02:56:46.017" endtime="20220606 02:56:49.108"/>
</kw>
<kw name="Verify Seach Completed" library="SearchResults">
<kw name="Wait Until Page Contains" library="SeleniumLibrary">
<arg>results for "Xbox Series X Console"</arg>
<doc>Waits until ``text`` appears on the current page.</doc>
<status status="PASS" starttime="20220606 02:56:49.109" endtime="20220606 02:56:49.128"/>
</kw>
<status status="PASS" starttime="20220606 02:56:49.108" endtime="20220606 02:56:49.128"/>
</kw>
<status status="PASS" starttime="20220606 02:56:44.055" endtime="20220606 02:56:49.128"/>
</kw>
<kw name="End Web Test" library="Common" type="TEARDOWN">
<kw name="Close Browser" library="SeleniumLibrary">
<doc>Closes the current browser.</doc>
<status status="PASS" starttime="20220606 02:56:49.129" endtime="20220606 02:56:51.253"/>
</kw>
<status status="PASS" starttime="20220606 02:56:49.128" endtime="20220606 02:56:51.254"/>
</kw>
<tag>Search Product</tag>
<status status="PASS" starttime="20220606 02:56:42.888" endtime="20220606 02:56:51.254"/>
</test>
<test id="s1-t2" name="Logged out user can view a product" line="14">
<kw name="Begin Web Test" library="Common" type="SETUP">
<kw name="Open Browser" library="SeleniumLibrary">
<arg>about:blank</arg>
<arg>chrome</arg>
<doc>Opens a new browser instance to the optional ``url``.</doc>
<msg timestamp="20220606 02:56:51.257" level="INFO">Opening browser 'chrome' to base url 'about:blank'.</msg>
<status status="PASS" starttime="20220606 02:56:51.256" endtime="20220606 02:56:52.290"/>
</kw>
<kw name="Maximize Browser Window" library="SeleniumLibrary">
<doc>Maximizes current browser window.</doc>
<status status="PASS" starttime="20220606 02:56:52.290" endtime="20220606 02:56:52.410"/>
</kw>
<status status="PASS" starttime="20220606 02:56:51.256" endtime="20220606 02:56:52.410"/>
</kw>
<kw name="Search For Products" library="AmazonApp">
<kw name="Load Page" library="LandingPage">
<kw name="Go To" library="SeleniumLibrary">
<arg>https://amazon.com</arg>
<doc>Navigates the current browser window to the provided ``url``.</doc>
<msg timestamp="20220606 02:56:52.412" level="INFO">Opening url 'https://amazon.com'</msg>
<status status="PASS" starttime="20220606 02:56:52.411" endtime="20220606 02:56:54.718"/>
</kw>
<status status="PASS" starttime="20220606 02:56:52.411" endtime="20220606 02:56:54.718"/>
</kw>
<kw name="Verify Page Loaded" library="LandingPage">
<kw name="Wait Until Page Contains" library="SeleniumLibrary">
<arg>You are on amazon.com</arg>
<doc>Waits until ``text`` appears on the current page.</doc>
<status status="PASS" starttime="20220606 02:56:54.719" endtime="20220606 02:56:54.757"/>
</kw>
<status status="PASS" starttime="20220606 02:56:54.718" endtime="20220606 02:56:54.757"/>
</kw>
<kw name="Search for products" library="TopNav">
<kw name="Enter Search Term" library="TopNav">
<kw name="Input Text" library="SeleniumLibrary">
<arg>id=twotabsearchtextbox</arg>
<arg>Xbox Series X Console</arg>
<doc>Types the given ``text`` into the text field identified by ``locator``.</doc>
<msg timestamp="20220606 02:56:54.758" level="INFO">Typing text 'Xbox Series X Console' into text field 'id=twotabsearchtextbox'.</msg>
<status status="PASS" starttime="20220606 02:56:54.758" endtime="20220606 02:56:54.926"/>
</kw>
<status status="PASS" starttime="20220606 02:56:54.758" endtime="20220606 02:56:54.926"/>
</kw>
<kw name="Submit Search" library="TopNav">
<kw name="Click Button" library="SeleniumLibrary">
<arg>css=#nav-search-submit-button</arg>
<doc>Clicks the button identified by ``locator``.</doc>
<msg timestamp="20220606 02:56:54.926" level="INFO">Clicking button 'css=#nav-search-submit-button'.</msg>
<status status="PASS" starttime="20220606 02:56:54.926" endtime="20220606 02:56:57.527"/>
</kw>
<status status="PASS" starttime="20220606 02:56:54.926" endtime="20220606 02:56:57.527"/>
</kw>
<status status="PASS" starttime="20220606 02:56:54.757" endtime="20220606 02:56:57.527"/>
</kw>
<kw name="Verify Seach Completed" library="SearchResults">
<kw name="Wait Until Page Contains" library="SeleniumLibrary">
<arg>results for "Xbox Series X Console"</arg>
<doc>Waits until ``text`` appears on the current page.</doc>
<status status="PASS" starttime="20220606 02:56:57.528" endtime="20220606 02:56:57.548"/>
</kw>
<status status="PASS" starttime="20220606 02:56:57.527" endtime="20220606 02:56:57.548"/>
</kw>
<status status="PASS" starttime="20220606 02:56:52.411" endtime="20220606 02:56:57.548"/>
</kw>
<kw name="Select Product from Search Results" library="AmazonApp">
<kw name="Click Product Link" library="SearchResults">
<doc>Clicks on the first product in the search results list</doc>
<kw name="Click Link" library="SeleniumLibrary">
<arg>css=#search &gt; div.s-desktop-width-max.s-desktop-content.s-opposite-dir.sg-row &gt; div.s-matching-dir.sg-col-16-of-20.sg-col.sg-col-8-of-12.sg-col-12-of-16 &gt; div &gt; span:nth-child(4) &gt; div.s-main-slot.s-result-list.s-search-results.sg-row &gt; div:nth-child(8) &gt; div &gt; div &gt; div &gt; div &gt; div &gt; div.sg-col.sg-col-4-of-12.sg-col-8-of-16.sg-col-12-of-20.s-list-col-right &gt; div &gt; div &gt; div.a-section.a-spacing-none.s-padding-right-small.s-title-instructions-style &gt; h2 &gt; a</arg>
<doc>Clicks a link identified by ``locator``.</doc>
<msg timestamp="20220606 02:56:57.549" level="INFO">Clicking link 'css=#search &gt; div.s-desktop-width-max.s-desktop-content.s-opposite-dir.sg-row &gt; div.s-matching-dir.sg-col-16-of-20.sg-col.sg-col-8-of-12.sg-col-12-of-16 &gt; div &gt; span:nth-child(4) &gt; div.s-main-slot.s-result-list.s-search-results.sg-row &gt; div:nth-child(8) &gt; div &gt; div &gt; div &gt; div &gt; div &gt; div.sg-col.sg-col-4-of-12.sg-col-8-of-16.sg-col-12-of-20.s-list-col-right &gt; div &gt; div &gt; div.a-section.a-spacing-none.s-padding-right-small.s-title-instructions-style &gt; h2 &gt; a'.</msg>
<status status="PASS" starttime="20220606 02:56:57.549" endtime="20220606 02:57:00.531"/>
</kw>
<status status="PASS" starttime="20220606 02:56:57.549" endtime="20220606 02:57:00.531"/>
</kw>
<kw name="Verify Page Loaded" library="Product">
<kw name="Wait Until Page Contains" library="SeleniumLibrary">
<arg>Back to results</arg>
<doc>Waits until ``text`` appears on the current page.</doc>
<status status="PASS" starttime="20220606 02:57:00.531" endtime="20220606 02:57:00.562"/>
</kw>
<status status="PASS" starttime="20220606 02:57:00.531" endtime="20220606 02:57:00.562"/>
</kw>
<status status="PASS" starttime="20220606 02:56:57.548" endtime="20220606 02:57:00.562"/>
</kw>
<kw name="End Web Test" library="Common" type="TEARDOWN">
<kw name="Close Browser" library="SeleniumLibrary">
<doc>Closes the current browser.</doc>
<status status="PASS" starttime="20220606 02:57:00.563" endtime="20220606 02:57:02.691"/>
</kw>
<status status="PASS" starttime="20220606 02:57:00.562" endtime="20220606 02:57:02.691"/>
</kw>
<tag>View Product</tag>
<status status="PASS" starttime="20220606 02:56:51.255" endtime="20220606 02:57:02.691"/>
</test>
<test id="s1-t3" name="Logged out user can add product to cart" line="19">
<kw name="Begin Web Test" library="Common" type="SETUP">
<kw name="Open Browser" library="SeleniumLibrary">
<arg>about:blank</arg>
<arg>chrome</arg>
<doc>Opens a new browser instance to the optional ``url``.</doc>
<msg timestamp="20220606 02:57:02.694" level="INFO">Opening browser 'chrome' to base url 'about:blank'.</msg>
<status status="PASS" starttime="20220606 02:57:02.693" endtime="20220606 02:57:03.803"/>
</kw>
<kw name="Maximize Browser Window" library="SeleniumLibrary">
<doc>Maximizes current browser window.</doc>
<status status="PASS" starttime="20220606 02:57:03.804" endtime="20220606 02:57:03.923"/>
</kw>
<status status="PASS" starttime="20220606 02:57:02.693" endtime="20220606 02:57:03.923"/>
</kw>
<kw name="Search For Products" library="AmazonApp">
<kw name="Load Page" library="LandingPage">
<kw name="Go To" library="SeleniumLibrary">
<arg>https://amazon.com</arg>
<doc>Navigates the current browser window to the provided ``url``.</doc>
<msg timestamp="20220606 02:57:03.925" level="INFO">Opening url 'https://amazon.com'</msg>
<status status="PASS" starttime="20220606 02:57:03.925" endtime="20220606 02:57:06.507"/>
</kw>
<status status="PASS" starttime="20220606 02:57:03.924" endtime="20220606 02:57:06.507"/>
</kw>
<kw name="Verify Page Loaded" library="LandingPage">
<kw name="Wait Until Page Contains" library="SeleniumLibrary">
<arg>You are on amazon.com</arg>
<doc>Waits until ``text`` appears on the current page.</doc>
<status status="PASS" starttime="20220606 02:57:06.507" endtime="20220606 02:57:06.554"/>
</kw>
<status status="PASS" starttime="20220606 02:57:06.507" endtime="20220606 02:57:06.554"/>
</kw>
<kw name="Search for products" library="TopNav">
<kw name="Enter Search Term" library="TopNav">
<kw name="Input Text" library="SeleniumLibrary">
<arg>id=twotabsearchtextbox</arg>
<arg>Xbox Series X Console</arg>
<doc>Types the given ``text`` into the text field identified by ``locator``.</doc>
<msg timestamp="20220606 02:57:06.555" level="INFO">Typing text 'Xbox Series X Console' into text field 'id=twotabsearchtextbox'.</msg>
<status status="PASS" starttime="20220606 02:57:06.554" endtime="20220606 02:57:06.723"/>
</kw>
<status status="PASS" starttime="20220606 02:57:06.554" endtime="20220606 02:57:06.723"/>
</kw>
<kw name="Submit Search" library="TopNav">
<kw name="Click Button" library="SeleniumLibrary">
<arg>css=#nav-search-submit-button</arg>
<doc>Clicks the button identified by ``locator``.</doc>
<msg timestamp="20220606 02:57:06.723" level="INFO">Clicking button 'css=#nav-search-submit-button'.</msg>
<status status="PASS" starttime="20220606 02:57:06.723" endtime="20220606 02:57:08.889"/>
</kw>
<status status="PASS" starttime="20220606 02:57:06.723" endtime="20220606 02:57:08.890"/>
</kw>
<status status="PASS" starttime="20220606 02:57:06.554" endtime="20220606 02:57:08.890"/>
</kw>
<kw name="Verify Seach Completed" library="SearchResults">
<kw name="Wait Until Page Contains" library="SeleniumLibrary">
<arg>results for "Xbox Series X Console"</arg>
<doc>Waits until ``text`` appears on the current page.</doc>
<status status="PASS" starttime="20220606 02:57:08.890" endtime="20220606 02:57:08.909"/>
</kw>
<status status="PASS" starttime="20220606 02:57:08.890" endtime="20220606 02:57:08.909"/>
</kw>
<status status="PASS" starttime="20220606 02:57:03.924" endtime="20220606 02:57:08.909"/>
</kw>
<kw name="Select Product from Search Results" library="AmazonApp">
<kw name="Click Product Link" library="SearchResults">
<doc>Clicks on the first product in the search results list</doc>
<kw name="Click Link" library="SeleniumLibrary">
<arg>css=#search &gt; div.s-desktop-width-max.s-desktop-content.s-opposite-dir.sg-row &gt; div.s-matching-dir.sg-col-16-of-20.sg-col.sg-col-8-of-12.sg-col-12-of-16 &gt; div &gt; span:nth-child(4) &gt; div.s-main-slot.s-result-list.s-search-results.sg-row &gt; div:nth-child(8) &gt; div &gt; div &gt; div &gt; div &gt; div &gt; div.sg-col.sg-col-4-of-12.sg-col-8-of-16.sg-col-12-of-20.s-list-col-right &gt; div &gt; div &gt; div.a-section.a-spacing-none.s-padding-right-small.s-title-instructions-style &gt; h2 &gt; a</arg>
<doc>Clicks a link identified by ``locator``.</doc>
<msg timestamp="20220606 02:57:08.910" level="INFO">Clicking link 'css=#search &gt; div.s-desktop-width-max.s-desktop-content.s-opposite-dir.sg-row &gt; div.s-matching-dir.sg-col-16-of-20.sg-col.sg-col-8-of-12.sg-col-12-of-16 &gt; div &gt; span:nth-child(4) &gt; div.s-main-slot.s-result-list.s-search-results.sg-row &gt; div:nth-child(8) &gt; div &gt; div &gt; div &gt; div &gt; div &gt; div.sg-col.sg-col-4-of-12.sg-col-8-of-16.sg-col-12-of-20.s-list-col-right &gt; div &gt; div &gt; div.a-section.a-spacing-none.s-padding-right-small.s-title-instructions-style &gt; h2 &gt; a'.</msg>
<status status="PASS" starttime="20220606 02:57:08.910" endtime="20220606 02:57:11.612"/>
</kw>
<status status="PASS" starttime="20220606 02:57:08.909" endtime="20220606 02:57:11.612"/>
</kw>
<kw name="Verify Page Loaded" library="Product">
<kw name="Wait Until Page Contains" library="SeleniumLibrary">
<arg>Back to results</arg>
<doc>Waits until ``text`` appears on the current page.</doc>
<status status="PASS" starttime="20220606 02:57:11.612" endtime="20220606 02:57:11.635"/>
</kw>
<status status="PASS" starttime="20220606 02:57:11.612" endtime="20220606 02:57:11.636"/>
</kw>
<status status="PASS" starttime="20220606 02:57:08.909" endtime="20220606 02:57:11.636"/>
</kw>
<kw name="Add Product to Cart" library="AmazonApp">
<kw name="Add to Cart" library="Product">
<kw name="Click Button" library="SeleniumLibrary">
<arg>Add to Cart</arg>
<doc>Clicks the button identified by ``locator``.</doc>
<msg timestamp="20220606 02:57:11.637" level="INFO">Clicking button 'Add to Cart'.</msg>
<status status="PASS" starttime="20220606 02:57:11.637" endtime="20220606 02:57:12.903"/>
</kw>
<status status="PASS" starttime="20220606 02:57:11.637" endtime="20220606 02:57:12.903"/>
</kw>
<kw name="Verify Product Added" library="Cart">
<kw name="Wait Until Page Contains" library="SeleniumLibrary">
<arg>Added to Cart</arg>
<doc>Waits until ``text`` appears on the current page.</doc>
<status status="PASS" starttime="20220606 02:57:12.903" endtime="20220606 02:57:12.937"/>
</kw>
<status status="PASS" starttime="20220606 02:57:12.903" endtime="20220606 02:57:12.937"/>
</kw>
<status status="PASS" starttime="20220606 02:57:11.636" endtime="20220606 02:57:12.937"/>
</kw>
<kw name="End Web Test" library="Common" type="TEARDOWN">
<kw name="Close Browser" library="SeleniumLibrary">
<doc>Closes the current browser.</doc>
<status status="PASS" starttime="20220606 02:57:12.938" endtime="20220606 02:57:15.047"/>
</kw>
<status status="PASS" starttime="20220606 02:57:12.937" endtime="20220606 02:57:15.047"/>
</kw>
<tag>Add to Cart</tag>
<status status="PASS" starttime="20220606 02:57:02.692" endtime="20220606 02:57:15.048"/>
</test>
<test id="s1-t4" name="Logged out user must sign in to check out" line="25">
<kw name="Begin Web Test" library="Common" type="SETUP">
<kw name="Open Browser" library="SeleniumLibrary">
<arg>about:blank</arg>
<arg>chrome</arg>
<doc>Opens a new browser instance to the optional ``url``.</doc>
<msg timestamp="20220606 02:57:15.050" level="INFO">Opening browser 'chrome' to base url 'about:blank'.</msg>
<status status="PASS" starttime="20220606 02:57:15.050" endtime="20220606 02:57:16.130"/>
</kw>
<kw name="Maximize Browser Window" library="SeleniumLibrary">
<doc>Maximizes current browser window.</doc>
<status status="PASS" starttime="20220606 02:57:16.130" endtime="20220606 02:57:16.249"/>
</kw>
<status status="PASS" starttime="20220606 02:57:15.050" endtime="20220606 02:57:16.249"/>
</kw>
<kw name="Search For Products" library="AmazonApp">
<kw name="Load Page" library="LandingPage">
<kw name="Go To" library="SeleniumLibrary">
<arg>https://amazon.com</arg>
<doc>Navigates the current browser window to the provided ``url``.</doc>
<msg timestamp="20220606 02:57:16.250" level="INFO">Opening url 'https://amazon.com'</msg>
<status status="PASS" starttime="20220606 02:57:16.250" endtime="20220606 02:57:18.593"/>
</kw>
<status status="PASS" starttime="20220606 02:57:16.250" endtime="20220606 02:57:18.594"/>
</kw>
<kw name="Verify Page Loaded" library="LandingPage">
<kw name="Wait Until Page Contains" library="SeleniumLibrary">
<arg>You are on amazon.com</arg>
<doc>Waits until ``text`` appears on the current page.</doc>
<status status="PASS" starttime="20220606 02:57:18.594" endtime="20220606 02:57:18.644"/>
</kw>
<status status="PASS" starttime="20220606 02:57:18.594" endtime="20220606 02:57:18.644"/>
</kw>
<kw name="Search for products" library="TopNav">
<kw name="Enter Search Term" library="TopNav">
<kw name="Input Text" library="SeleniumLibrary">
<arg>id=twotabsearchtextbox</arg>
<arg>Xbox Series X Console</arg>
<doc>Types the given ``text`` into the text field identified by ``locator``.</doc>
<msg timestamp="20220606 02:57:18.645" level="INFO">Typing text 'Xbox Series X Console' into text field 'id=twotabsearchtextbox'.</msg>
<status status="PASS" starttime="20220606 02:57:18.645" endtime="20220606 02:57:18.836"/>
</kw>
<status status="PASS" starttime="20220606 02:57:18.645" endtime="20220606 02:57:18.837"/>
</kw>
<kw name="Submit Search" library="TopNav">
<kw name="Click Button" library="SeleniumLibrary">
<arg>css=#nav-search-submit-button</arg>
<doc>Clicks the button identified by ``locator``.</doc>
<msg timestamp="20220606 02:57:18.837" level="INFO">Clicking button 'css=#nav-search-submit-button'.</msg>
<status status="PASS" starttime="20220606 02:57:18.837" endtime="20220606 02:57:21.251"/>
</kw>
<status status="PASS" starttime="20220606 02:57:18.837" endtime="20220606 02:57:21.251"/>
</kw>
<status status="PASS" starttime="20220606 02:57:18.644" endtime="20220606 02:57:21.251"/>
</kw>
<kw name="Verify Seach Completed" library="SearchResults">
<kw name="Wait Until Page Contains" library="SeleniumLibrary">
<arg>results for "Xbox Series X Console"</arg>
<doc>Waits until ``text`` appears on the current page.</doc>
<status status="PASS" starttime="20220606 02:57:21.251" endtime="20220606 02:57:21.271"/>
</kw>
<status status="PASS" starttime="20220606 02:57:21.251" endtime="20220606 02:57:21.271"/>
</kw>
<status status="PASS" starttime="20220606 02:57:16.249" endtime="20220606 02:57:21.271"/>
</kw>
<kw name="Select Product from Search Results" library="AmazonApp">
<kw name="Click Product Link" library="SearchResults">
<doc>Clicks on the first product in the search results list</doc>
<kw name="Click Link" library="SeleniumLibrary">
<arg>css=#search &gt; div.s-desktop-width-max.s-desktop-content.s-opposite-dir.sg-row &gt; div.s-matching-dir.sg-col-16-of-20.sg-col.sg-col-8-of-12.sg-col-12-of-16 &gt; div &gt; span:nth-child(4) &gt; div.s-main-slot.s-result-list.s-search-results.sg-row &gt; div:nth-child(8) &gt; div &gt; div &gt; div &gt; div &gt; div &gt; div.sg-col.sg-col-4-of-12.sg-col-8-of-16.sg-col-12-of-20.s-list-col-right &gt; div &gt; div &gt; div.a-section.a-spacing-none.s-padding-right-small.s-title-instructions-style &gt; h2 &gt; a</arg>
<doc>Clicks a link identified by ``locator``.</doc>
<msg timestamp="20220606 02:57:21.272" level="INFO">Clicking link 'css=#search &gt; div.s-desktop-width-max.s-desktop-content.s-opposite-dir.sg-row &gt; div.s-matching-dir.sg-col-16-of-20.sg-col.sg-col-8-of-12.sg-col-12-of-16 &gt; div &gt; span:nth-child(4) &gt; div.s-main-slot.s-result-list.s-search-results.sg-row &gt; div:nth-child(8) &gt; div &gt; div &gt; div &gt; div &gt; div &gt; div.sg-col.sg-col-4-of-12.sg-col-8-of-16.sg-col-12-of-20.s-list-col-right &gt; div &gt; div &gt; div.a-section.a-spacing-none.s-padding-right-small.s-title-instructions-style &gt; h2 &gt; a'.</msg>
<status status="PASS" starttime="20220606 02:57:21.272" endtime="20220606 02:57:23.423"/>
</kw>
<status status="PASS" starttime="20220606 02:57:21.272" endtime="20220606 02:57:23.423"/>
</kw>
<kw name="Verify Page Loaded" library="Product">
<kw name="Wait Until Page Contains" library="SeleniumLibrary">
<arg>Back to results</arg>
<doc>Waits until ``text`` appears on the current page.</doc>
<status status="PASS" starttime="20220606 02:57:23.424" endtime="20220606 02:57:23.448"/>
</kw>
<status status="PASS" starttime="20220606 02:57:23.424" endtime="20220606 02:57:23.449"/>
</kw>
<status status="PASS" starttime="20220606 02:57:21.272" endtime="20220606 02:57:23.449"/>
</kw>
<kw name="Add Product to Cart" library="AmazonApp">
<kw name="Add to Cart" library="Product">
<kw name="Click Button" library="SeleniumLibrary">
<arg>Add to Cart</arg>
<doc>Clicks the button identified by ``locator``.</doc>
<msg timestamp="20220606 02:57:23.450" level="INFO">Clicking button 'Add to Cart'.</msg>
<status status="PASS" starttime="20220606 02:57:23.450" endtime="20220606 02:57:24.694"/>
</kw>
<status status="PASS" starttime="20220606 02:57:23.450" endtime="20220606 02:57:24.694"/>
</kw>
<kw name="Verify Product Added" library="Cart">
<kw name="Wait Until Page Contains" library="SeleniumLibrary">
<arg>Added to Cart</arg>
<doc>Waits until ``text`` appears on the current page.</doc>
<status status="PASS" starttime="20220606 02:57:24.695" endtime="20220606 02:57:24.721"/>
</kw>
<status status="PASS" starttime="20220606 02:57:24.694" endtime="20220606 02:57:24.721"/>
</kw>
<status status="PASS" starttime="20220606 02:57:23.449" endtime="20220606 02:57:24.721"/>
</kw>
<kw name="Begin Checkout" library="AmazonApp">
<kw name="Proceed to Checkout" library="Cart">
<kw name="Click Button" library="SeleniumLibrary">
<arg>name=proceedToRetailCheckout</arg>
<doc>Clicks the button identified by ``locator``.</doc>
<msg timestamp="20220606 02:57:24.722" level="INFO">Clicking button 'name=proceedToRetailCheckout'.</msg>
<status status="PASS" starttime="20220606 02:57:24.722" endtime="20220606 02:57:26.533"/>
</kw>
<status status="PASS" starttime="20220606 02:57:24.722" endtime="20220606 02:57:26.533"/>
</kw>
<kw name="Verify Page Loaded" library="SignIn">
<kw name="Page Should Contain" library="SeleniumLibrary">
<arg>Email or mobile phone number</arg>
<doc>Verifies that current page contains ``text``.</doc>
<msg timestamp="20220606 02:57:26.549" level="INFO">Current page contains text 'Email or mobile phone number'.</msg>
<status status="PASS" starttime="20220606 02:57:26.534" endtime="20220606 02:57:26.550"/>
</kw>
<kw name="Element Text Should Be" library="SeleniumLibrary">
<arg>id=continue-announce</arg>
<arg>Continue</arg>
<doc>Verifies that element ``locator`` contains exact the text ``expected``.</doc>
<msg timestamp="20220606 02:57:26.550" level="INFO">Verifying element 'id=continue-announce' contains exact text 'Continue'.</msg>
<status status="PASS" starttime="20220606 02:57:26.550" endtime="20220606 02:57:26.567"/>
</kw>
<status status="PASS" starttime="20220606 02:57:26.533" endtime="20220606 02:57:26.567"/>
</kw>
<status status="PASS" starttime="20220606 02:57:24.722" endtime="20220606 02:57:26.567"/>
</kw>
<kw name="End Web Test" library="Common" type="TEARDOWN">
<kw name="Close Browser" library="SeleniumLibrary">
<doc>Closes the current browser.</doc>
<status status="PASS" starttime="20220606 02:57:26.568" endtime="20220606 02:57:28.687"/>
</kw>
<status status="PASS" starttime="20220606 02:57:26.568" endtime="20220606 02:57:28.688"/>
</kw>
<tag>User Must Sign In</tag>
<status status="PASS" starttime="20220606 02:57:15.049" endtime="20220606 02:57:28.688"/>
</test>
<doc>This is some basic Amazon.com test</doc>
<status status="PASS" starttime="20220606 02:56:42.689" endtime="20220606 02:57:28.689"/>
</suite>
<statistics>
<total>
<stat pass="4" fail="0" skip="0">All Tests</stat>
</total>
<tag>
<stat pass="1" fail="0" skip="0">Add to Cart</stat>
<stat pass="1" fail="0" skip="0">Search Product</stat>
<stat pass="1" fail="0" skip="0">User Must Sign In</stat>
<stat pass="1" fail="0" skip="0">View Product</stat>
</tag>
<suite>
<stat pass="4" fail="0" skip="0" id="s1" name="Amazon">Amazon</stat>
</suite>
</statistics>
<errors>
</errors>
</robot>
