<?xml version="1.0" encoding="UTF-8"?>
<robot generator="Robot 5.0.1 (Python 3.9.7 on win32)" generated="20220607 23:54:19.395" rpa="false" schemaversion="3">
<suite id="s1" name="Amazon" source="C:\Users\byuks\Desktop\QA-Automation-Test-Robot-Framework\tests\Amazon.robot">
<test id="s1-t1" name="Logged out user can search for products" line="16">
<kw name="Begin Web Test" library="Common" type="SETUP">
<kw name="Open Browser" library="SeleniumLibrary">
<arg>about:blank</arg>
<arg>${BROWSER}</arg>
<doc>Opens a new browser instance to the optional ``url``.</doc>
<msg timestamp="20220607 23:54:19.587" level="INFO">Opening browser 'chrome' to base url 'about:blank'.</msg>
<status status="PASS" starttime="20220607 23:54:19.587" endtime="20220607 23:54:20.633"/>
</kw>
<kw name="Maximize Browser Window" library="SeleniumLibrary">
<doc>Maximizes current browser window.</doc>
<status status="PASS" starttime="20220607 23:54:20.633" endtime="20220607 23:54:20.749"/>
</kw>
<status status="PASS" starttime="20220607 23:54:19.586" endtime="20220607 23:54:20.749"/>
</kw>
<kw name="Search For Products" library="AmazonApp">
<kw name="Load Page" library="LandingPage">
<kw name="Go To" library="SeleniumLibrary">
<arg>${START_URL}</arg>
<doc>Navigates the current browser window to the provided ``url``.</doc>
<msg timestamp="20220607 23:54:20.750" level="INFO">Opening url 'https://amazon.com'</msg>
<status status="PASS" starttime="20220607 23:54:20.750" endtime="20220607 23:54:22.849"/>
</kw>
<status status="PASS" starttime="20220607 23:54:20.750" endtime="20220607 23:54:22.849"/>
</kw>
<kw name="Verify Page Loaded" library="LandingPage">
<kw name="Wait Until Page Contains" library="SeleniumLibrary">
<arg>Hello, Sign in</arg>
<doc>Waits until ``text`` appears on the current page.</doc>
<status status="PASS" starttime="20220607 23:54:22.849" endtime="20220607 23:54:22.903"/>
</kw>
<status status="PASS" starttime="20220607 23:54:22.849" endtime="20220607 23:54:22.903"/>
</kw>
<kw name="Search for products" library="TopNav">
<kw name="Enter Search Term" library="TopNav">
<kw name="Input Text" library="SeleniumLibrary">
<arg>${TOPNAV_SEARCH_BAR}</arg>
<arg>${SEARCH_TERM}</arg>
<doc>Types the given ``text`` into the text field identified by ``locator``.</doc>
<msg timestamp="20220607 23:54:22.904" level="INFO">Typing text 'msi laptop' into text field 'id=twotabsearchtextbox'.</msg>
<status status="PASS" starttime="20220607 23:54:22.903" endtime="20220607 23:54:23.033"/>
</kw>
<status status="PASS" starttime="20220607 23:54:22.903" endtime="20220607 23:54:23.033"/>
</kw>
<kw name="Submit Search" library="TopNav">
<kw name="Click Button" library="SeleniumLibrary">
<arg>${TOPNAV_SEARCH_BUTTON}</arg>
<doc>Clicks the button identified by ``locator``.</doc>
<msg timestamp="20220607 23:54:23.034" level="INFO">Clicking button 'css=#nav-search-submit-button'.</msg>
<status status="PASS" starttime="20220607 23:54:23.034" endtime="20220607 23:54:25.223"/>
</kw>
<status status="PASS" starttime="20220607 23:54:23.033" endtime="20220607 23:54:25.223"/>
</kw>
<status status="PASS" starttime="20220607 23:54:22.903" endtime="20220607 23:54:25.224"/>
</kw>
<kw name="Verify Seach Completed" library="SearchResults">
<kw name="Wait Until Page Contains" library="SeleniumLibrary">
<arg>results for "${SEARCH_TERM}"</arg>
<doc>Waits until ``text`` appears on the current page.</doc>
<status status="PASS" starttime="20220607 23:54:25.224" endtime="20220607 23:54:25.246"/>
</kw>
<status status="PASS" starttime="20220607 23:54:25.224" endtime="20220607 23:54:25.246"/>
</kw>
<status status="PASS" starttime="20220607 23:54:20.749" endtime="20220607 23:54:25.246"/>
</kw>
<kw name="End Web Test" library="Common" type="TEARDOWN">
<kw name="Close Browser" library="SeleniumLibrary">
<doc>Closes the current browser.</doc>
<status status="PASS" starttime="20220607 23:54:25.247" endtime="20220607 23:54:27.343"/>
</kw>
<status status="PASS" starttime="20220607 23:54:25.247" endtime="20220607 23:54:27.343"/>
</kw>
<tag>Search Product</tag>
<status status="PASS" starttime="20220607 23:54:19.586" endtime="20220607 23:54:27.344"/>
</test>
<test id="s1-t2" name="Logged out user can view a product" line="20">
<kw name="Begin Web Test" library="Common" type="SETUP">
<kw name="Open Browser" library="SeleniumLibrary">
<arg>about:blank</arg>
<arg>${BROWSER}</arg>
<doc>Opens a new browser instance to the optional ``url``.</doc>
<msg timestamp="20220607 23:54:27.346" level="INFO">Opening browser 'chrome' to base url 'about:blank'.</msg>
<status status="PASS" starttime="20220607 23:54:27.346" endtime="20220607 23:54:28.384"/>
</kw>
<kw name="Maximize Browser Window" library="SeleniumLibrary">
<doc>Maximizes current browser window.</doc>
<status status="PASS" starttime="20220607 23:54:28.384" endtime="20220607 23:54:28.511"/>
</kw>
<status status="PASS" starttime="20220607 23:54:27.345" endtime="20220607 23:54:28.511"/>
</kw>
<kw name="Search For Products" library="AmazonApp">
<kw name="Load Page" library="LandingPage">
<kw name="Go To" library="SeleniumLibrary">
<arg>${START_URL}</arg>
<doc>Navigates the current browser window to the provided ``url``.</doc>
<msg timestamp="20220607 23:54:28.513" level="INFO">Opening url 'https://amazon.com'</msg>
<status status="PASS" starttime="20220607 23:54:28.512" endtime="20220607 23:54:30.660"/>
</kw>
<status status="PASS" starttime="20220607 23:54:28.512" endtime="20220607 23:54:30.660"/>
</kw>
<kw name="Verify Page Loaded" library="LandingPage">
<kw name="Wait Until Page Contains" library="SeleniumLibrary">
<arg>Hello, Sign in</arg>
<doc>Waits until ``text`` appears on the current page.</doc>
<status status="PASS" starttime="20220607 23:54:30.660" endtime="20220607 23:54:30.702"/>
</kw>
<status status="PASS" starttime="20220607 23:54:30.660" endtime="20220607 23:54:30.702"/>
</kw>
<kw name="Search for products" library="TopNav">
<kw name="Enter Search Term" library="TopNav">
<kw name="Input Text" library="SeleniumLibrary">
<arg>${TOPNAV_SEARCH_BAR}</arg>
<arg>${SEARCH_TERM}</arg>
<doc>Types the given ``text`` into the text field identified by ``locator``.</doc>
<msg timestamp="20220607 23:54:30.703" level="INFO">Typing text 'msi laptop' into text field 'id=twotabsearchtextbox'.</msg>
<status status="PASS" starttime="20220607 23:54:30.703" endtime="20220607 23:54:30.833"/>
</kw>
<status status="PASS" starttime="20220607 23:54:30.703" endtime="20220607 23:54:30.833"/>
</kw>
<kw name="Submit Search" library="TopNav">
<kw name="Click Button" library="SeleniumLibrary">
<arg>${TOPNAV_SEARCH_BUTTON}</arg>
<doc>Clicks the button identified by ``locator``.</doc>
<msg timestamp="20220607 23:54:30.834" level="INFO">Clicking button 'css=#nav-search-submit-button'.</msg>
<status status="PASS" starttime="20220607 23:54:30.834" endtime="20220607 23:54:32.871"/>
</kw>
<status status="PASS" starttime="20220607 23:54:30.833" endtime="20220607 23:54:32.871"/>
</kw>
<status status="PASS" starttime="20220607 23:54:30.702" endtime="20220607 23:54:32.871"/>
</kw>
<kw name="Verify Seach Completed" library="SearchResults">
<kw name="Wait Until Page Contains" library="SeleniumLibrary">
<arg>results for "${SEARCH_TERM}"</arg>
<doc>Waits until ``text`` appears on the current page.</doc>
<status status="PASS" starttime="20220607 23:54:32.871" endtime="20220607 23:54:32.896"/>
</kw>
<status status="PASS" starttime="20220607 23:54:32.871" endtime="20220607 23:54:32.897"/>
</kw>
<status status="PASS" starttime="20220607 23:54:28.512" endtime="20220607 23:54:32.897"/>
</kw>
<kw name="Select Product from Search Results" library="AmazonApp">
<kw name="Click Product Link" library="SearchResults">
<doc>Clicks on the first product in the search results list</doc>
<kw name="Click Link" library="SeleniumLibrary">
<arg>${PRODUCT_LINK}</arg>
<doc>Clicks a link identified by ``locator``.</doc>
<msg timestamp="20220607 23:54:32.898" level="INFO">Clicking link 'xpath=//*[@id="search"]/div[1]/div[1]/div/span[3]/div[2]/div[2]/div/div/div/div/div/div[2]/div/div/div[1]/h2/a'.</msg>
<status status="PASS" starttime="20220607 23:54:32.898" endtime="20220607 23:54:37.152"/>
</kw>
<status status="PASS" starttime="20220607 23:54:32.898" endtime="20220607 23:54:37.152"/>
</kw>
<kw name="Verify Page Loaded" library="Product">
<kw name="Wait Until Page Contains" library="SeleniumLibrary">
<arg>Back to results</arg>
<doc>Waits until ``text`` appears on the current page.</doc>
<status status="PASS" starttime="20220607 23:54:37.152" endtime="20220607 23:54:37.190"/>
</kw>
<status status="PASS" starttime="20220607 23:54:37.152" endtime="20220607 23:54:37.190"/>
</kw>
<status status="PASS" starttime="20220607 23:54:32.897" endtime="20220607 23:54:37.190"/>
</kw>
<kw name="End Web Test" library="Common" type="TEARDOWN">
<kw name="Close Browser" library="SeleniumLibrary">
<doc>Closes the current browser.</doc>
<status status="PASS" starttime="20220607 23:54:37.191" endtime="20220607 23:54:39.296"/>
</kw>
<status status="PASS" starttime="20220607 23:54:37.190" endtime="20220607 23:54:39.296"/>
</kw>
<tag>View Product</tag>
<status status="PASS" starttime="20220607 23:54:27.345" endtime="20220607 23:54:39.297"/>
</test>
<test id="s1-t3" name="Logged out user can add product to cart" line="25">
<kw name="Begin Web Test" library="Common" type="SETUP">
<kw name="Open Browser" library="SeleniumLibrary">
<arg>about:blank</arg>
<arg>${BROWSER}</arg>
<doc>Opens a new browser instance to the optional ``url``.</doc>
<msg timestamp="20220607 23:54:39.299" level="INFO">Opening browser 'chrome' to base url 'about:blank'.</msg>
<status status="PASS" starttime="20220607 23:54:39.298" endtime="20220607 23:54:40.336"/>
</kw>
<kw name="Maximize Browser Window" library="SeleniumLibrary">
<doc>Maximizes current browser window.</doc>
<status status="PASS" starttime="20220607 23:54:40.336" endtime="20220607 23:54:40.451"/>
</kw>
<status status="PASS" starttime="20220607 23:54:39.298" endtime="20220607 23:54:40.451"/>
</kw>
<kw name="Search For Products" library="AmazonApp">
<kw name="Load Page" library="LandingPage">
<kw name="Go To" library="SeleniumLibrary">
<arg>${START_URL}</arg>
<doc>Navigates the current browser window to the provided ``url``.</doc>
<msg timestamp="20220607 23:54:40.452" level="INFO">Opening url 'https://amazon.com'</msg>
<status status="PASS" starttime="20220607 23:54:40.452" endtime="20220607 23:54:43.181"/>
</kw>
<status status="PASS" starttime="20220607 23:54:40.452" endtime="20220607 23:54:43.181"/>
</kw>
<kw name="Verify Page Loaded" library="LandingPage">
<kw name="Wait Until Page Contains" library="SeleniumLibrary">
<arg>Hello, Sign in</arg>
<doc>Waits until ``text`` appears on the current page.</doc>
<status status="PASS" starttime="20220607 23:54:43.181" endtime="20220607 23:54:43.215"/>
</kw>
<status status="PASS" starttime="20220607 23:54:43.181" endtime="20220607 23:54:43.215"/>
</kw>
<kw name="Search for products" library="TopNav">
<kw name="Enter Search Term" library="TopNav">
<kw name="Input Text" library="SeleniumLibrary">
<arg>${TOPNAV_SEARCH_BAR}</arg>
<arg>${SEARCH_TERM}</arg>
<doc>Types the given ``text`` into the text field identified by ``locator``.</doc>
<msg timestamp="20220607 23:54:43.216" level="INFO">Typing text 'msi laptop' into text field 'id=twotabsearchtextbox'.</msg>
<status status="PASS" starttime="20220607 23:54:43.216" endtime="20220607 23:54:43.359"/>
</kw>
<status status="PASS" starttime="20220607 23:54:43.216" endtime="20220607 23:54:43.359"/>
</kw>
<kw name="Submit Search" library="TopNav">
<kw name="Click Button" library="SeleniumLibrary">
<arg>${TOPNAV_SEARCH_BUTTON}</arg>
<doc>Clicks the button identified by ``locator``.</doc>
<msg timestamp="20220607 23:54:43.360" level="INFO">Clicking button 'css=#nav-search-submit-button'.</msg>
<status status="PASS" starttime="20220607 23:54:43.360" endtime="20220607 23:54:45.583"/>
</kw>
<status status="PASS" starttime="20220607 23:54:43.360" endtime="20220607 23:54:45.583"/>
</kw>
<status status="PASS" starttime="20220607 23:54:43.216" endtime="20220607 23:54:45.583"/>
</kw>
<kw name="Verify Seach Completed" library="SearchResults">
<kw name="Wait Until Page Contains" library="SeleniumLibrary">
<arg>results for "${SEARCH_TERM}"</arg>
<doc>Waits until ``text`` appears on the current page.</doc>
<status status="PASS" starttime="20220607 23:54:45.584" endtime="20220607 23:54:45.606"/>
</kw>
<status status="PASS" starttime="20220607 23:54:45.584" endtime="20220607 23:54:45.606"/>
</kw>
<status status="PASS" starttime="20220607 23:54:40.451" endtime="20220607 23:54:45.606"/>
</kw>
<kw name="Select Product from Search Results" library="AmazonApp">
<kw name="Click Product Link" library="SearchResults">
<doc>Clicks on the first product in the search results list</doc>
<kw name="Click Link" library="SeleniumLibrary">
<arg>${PRODUCT_LINK}</arg>
<doc>Clicks a link identified by ``locator``.</doc>
<msg timestamp="20220607 23:54:45.607" level="INFO">Clicking link 'xpath=//*[@id="search"]/div[1]/div[1]/div/span[3]/div[2]/div[2]/div/div/div/div/div/div[2]/div/div/div[1]/h2/a'.</msg>
<status status="PASS" starttime="20220607 23:54:45.607" endtime="20220607 23:54:49.678"/>
</kw>
<status status="PASS" starttime="20220607 23:54:45.607" endtime="20220607 23:54:49.679"/>
</kw>
<kw name="Verify Page Loaded" library="Product">
<kw name="Wait Until Page Contains" library="SeleniumLibrary">
<arg>Back to results</arg>
<doc>Waits until ``text`` appears on the current page.</doc>
<status status="PASS" starttime="20220607 23:54:49.679" endtime="20220607 23:54:49.718"/>
</kw>
<status status="PASS" starttime="20220607 23:54:49.679" endtime="20220607 23:54:49.718"/>
</kw>
<status status="PASS" starttime="20220607 23:54:45.606" endtime="20220607 23:54:49.718"/>
</kw>
<kw name="Add Product to Cart" library="AmazonApp">
<kw name="Add to Cart" library="Product">
<kw name="Click Button" library="SeleniumLibrary">
<arg>Add to Cart</arg>
<doc>Clicks the button identified by ``locator``.</doc>
<msg timestamp="20220607 23:54:49.719" level="INFO">Clicking button 'Add to Cart'.</msg>
<status status="PASS" starttime="20220607 23:54:49.719" endtime="20220607 23:54:52.950"/>
</kw>
<status status="PASS" starttime="20220607 23:54:49.719" endtime="20220607 23:54:52.950"/>
</kw>
<kw name="Verify Product Added" library="Cart">
<kw name="Wait Until Page Contains" library="SeleniumLibrary">
<arg>Added to Cart</arg>
<doc>Waits until ``text`` appears on the current page.</doc>
<status status="PASS" starttime="20220607 23:54:52.951" endtime="20220607 23:54:52.970"/>
</kw>
<status status="PASS" starttime="20220607 23:54:52.950" endtime="20220607 23:54:52.970"/>
</kw>
<status status="PASS" starttime="20220607 23:54:49.719" endtime="20220607 23:54:52.970"/>
</kw>
<kw name="End Web Test" library="Common" type="TEARDOWN">
<kw name="Close Browser" library="SeleniumLibrary">
<doc>Closes the current browser.</doc>
<status status="PASS" starttime="20220607 23:54:52.970" endtime="20220607 23:54:55.089"/>
</kw>
<status status="PASS" starttime="20220607 23:54:52.970" endtime="20220607 23:54:55.089"/>
</kw>
<tag>Add to Cart</tag>
<status status="PASS" starttime="20220607 23:54:39.298" endtime="20220607 23:54:55.090"/>
</test>
<test id="s1-t4" name="Logged out user must sign in to check out" line="31">
<kw name="Begin Web Test" library="Common" type="SETUP">
<kw name="Open Browser" library="SeleniumLibrary">
<arg>about:blank</arg>
<arg>${BROWSER}</arg>
<doc>Opens a new browser instance to the optional ``url``.</doc>
<msg timestamp="20220607 23:54:55.091" level="INFO">Opening browser 'chrome' to base url 'about:blank'.</msg>
<status status="PASS" starttime="20220607 23:54:55.091" endtime="20220607 23:54:56.133"/>
</kw>
<kw name="Maximize Browser Window" library="SeleniumLibrary">
<doc>Maximizes current browser window.</doc>
<status status="PASS" starttime="20220607 23:54:56.133" endtime="20220607 23:54:56.250"/>
</kw>
<status status="PASS" starttime="20220607 23:54:55.091" endtime="20220607 23:54:56.250"/>
</kw>
<kw name="Search For Products" library="AmazonApp">
<kw name="Load Page" library="LandingPage">
<kw name="Go To" library="SeleniumLibrary">
<arg>${START_URL}</arg>
<doc>Navigates the current browser window to the provided ``url``.</doc>
<msg timestamp="20220607 23:54:56.252" level="INFO">Opening url 'https://amazon.com'</msg>
<status status="PASS" starttime="20220607 23:54:56.251" endtime="20220607 23:54:58.502"/>
</kw>
<status status="PASS" starttime="20220607 23:54:56.251" endtime="20220607 23:54:58.502"/>
</kw>
<kw name="Verify Page Loaded" library="LandingPage">
<kw name="Wait Until Page Contains" library="SeleniumLibrary">
<arg>Hello, Sign in</arg>
<doc>Waits until ``text`` appears on the current page.</doc>
<status status="PASS" starttime="20220607 23:54:58.503" endtime="20220607 23:54:58.538"/>
</kw>
<status status="PASS" starttime="20220607 23:54:58.502" endtime="20220607 23:54:58.538"/>
</kw>
<kw name="Search for products" library="TopNav">
<kw name="Enter Search Term" library="TopNav">
<kw name="Input Text" library="SeleniumLibrary">
<arg>${TOPNAV_SEARCH_BAR}</arg>
<arg>${SEARCH_TERM}</arg>
<doc>Types the given ``text`` into the text field identified by ``locator``.</doc>
<msg timestamp="20220607 23:54:58.539" level="INFO">Typing text 'msi laptop' into text field 'id=twotabsearchtextbox'.</msg>
<status status="PASS" starttime="20220607 23:54:58.539" endtime="20220607 23:54:58.681"/>
</kw>
<status status="PASS" starttime="20220607 23:54:58.538" endtime="20220607 23:54:58.681"/>
</kw>
<kw name="Submit Search" library="TopNav">
<kw name="Click Button" library="SeleniumLibrary">
<arg>${TOPNAV_SEARCH_BUTTON}</arg>
<doc>Clicks the button identified by ``locator``.</doc>
<msg timestamp="20220607 23:54:58.682" level="INFO">Clicking button 'css=#nav-search-submit-button'.</msg>
<status status="PASS" starttime="20220607 23:54:58.682" endtime="20220607 23:55:01.159"/>
</kw>
<status status="PASS" starttime="20220607 23:54:58.681" endtime="20220607 23:55:01.160"/>
</kw>
<status status="PASS" starttime="20220607 23:54:58.538" endtime="20220607 23:55:01.160"/>
</kw>
<kw name="Verify Seach Completed" library="SearchResults">
<kw name="Wait Until Page Contains" library="SeleniumLibrary">
<arg>results for "${SEARCH_TERM}"</arg>
<doc>Waits until ``text`` appears on the current page.</doc>
<status status="PASS" starttime="20220607 23:55:01.160" endtime="20220607 23:55:01.181"/>
</kw>
<status status="PASS" starttime="20220607 23:55:01.160" endtime="20220607 23:55:01.181"/>
</kw>
<status status="PASS" starttime="20220607 23:54:56.251" endtime="20220607 23:55:01.181"/>
</kw>
<kw name="Select Product from Search Results" library="AmazonApp">
<kw name="Click Product Link" library="SearchResults">
<doc>Clicks on the first product in the search results list</doc>
<kw name="Click Link" library="SeleniumLibrary">
<arg>${PRODUCT_LINK}</arg>
<doc>Clicks a link identified by ``locator``.</doc>
<msg timestamp="20220607 23:55:01.182" level="INFO">Clicking link 'xpath=//*[@id="search"]/div[1]/div[1]/div/span[3]/div[2]/div[2]/div/div/div/div/div/div[2]/div/div/div[1]/h2/a'.</msg>
<status status="PASS" starttime="20220607 23:55:01.182" endtime="20220607 23:55:05.097"/>
</kw>
<status status="PASS" starttime="20220607 23:55:01.182" endtime="20220607 23:55:05.098"/>
</kw>
<kw name="Verify Page Loaded" library="Product">
<kw name="Wait Until Page Contains" library="SeleniumLibrary">
<arg>Back to results</arg>
<doc>Waits until ``text`` appears on the current page.</doc>
<status status="PASS" starttime="20220607 23:55:05.098" endtime="20220607 23:55:05.131"/>
</kw>
<status status="PASS" starttime="20220607 23:55:05.098" endtime="20220607 23:55:05.131"/>
</kw>
<status status="PASS" starttime="20220607 23:55:01.182" endtime="20220607 23:55:05.131"/>
</kw>
<kw name="Add Product to Cart" library="AmazonApp">
<kw name="Add to Cart" library="Product">
<kw name="Click Button" library="SeleniumLibrary">
<arg>Add to Cart</arg>
<doc>Clicks the button identified by ``locator``.</doc>
<msg timestamp="20220607 23:55:05.133" level="INFO">Clicking button 'Add to Cart'.</msg>
<status status="PASS" starttime="20220607 23:55:05.132" endtime="20220607 23:55:06.441"/>
</kw>
<status status="PASS" starttime="20220607 23:55:05.132" endtime="20220607 23:55:06.441"/>
</kw>
<kw name="Verify Product Added" library="Cart">
<kw name="Wait Until Page Contains" library="SeleniumLibrary">
<arg>Added to Cart</arg>
<doc>Waits until ``text`` appears on the current page.</doc>
<status status="PASS" starttime="20220607 23:55:06.442" endtime="20220607 23:55:06.485"/>
</kw>
<status status="PASS" starttime="20220607 23:55:06.441" endtime="20220607 23:55:06.485"/>
</kw>
<status status="PASS" starttime="20220607 23:55:05.132" endtime="20220607 23:55:06.486"/>
</kw>
<kw name="Begin Checkout" library="AmazonApp">
<kw name="Proceed to Checkout" library="Cart">
<kw name="Click Button" library="SeleniumLibrary">
<arg>name=proceedToRetailCheckout</arg>
<doc>Clicks the button identified by ``locator``.</doc>
<msg timestamp="20220607 23:55:06.487" level="INFO">Clicking button 'name=proceedToRetailCheckout'.</msg>
<status status="PASS" starttime="20220607 23:55:06.487" endtime="20220607 23:55:08.433"/>
</kw>
<status status="PASS" starttime="20220607 23:55:06.486" endtime="20220607 23:55:08.433"/>
</kw>
<kw name="Verify Page Loaded" library="SignIn">
<kw name="Page Should Contain" library="SeleniumLibrary">
<arg>Sign-In</arg>
<doc>Verifies that current page contains ``text``.</doc>
<msg timestamp="20220607 23:55:08.450" level="INFO">Current page contains text 'Sign-In'.</msg>
<status status="PASS" starttime="20220607 23:55:08.434" endtime="20220607 23:55:08.450"/>
</kw>
<kw name="Element Text Should Be" library="SeleniumLibrary">
<arg>id=continue-announce</arg>
<arg>Continue</arg>
<doc>Verifies that element ``locator`` contains exact the text ``expected``.</doc>
<msg timestamp="20220607 23:55:08.451" level="INFO">Verifying element 'id=continue-announce' contains exact text 'Continue'.</msg>
<status status="PASS" starttime="20220607 23:55:08.450" endtime="20220607 23:55:08.468"/>
</kw>
<status status="PASS" starttime="20220607 23:55:08.433" endtime="20220607 23:55:08.468"/>
</kw>
<status status="PASS" starttime="20220607 23:55:06.486" endtime="20220607 23:55:08.468"/>
</kw>
<kw name="End Web Test" library="Common" type="TEARDOWN">
<kw name="Close Browser" library="SeleniumLibrary">
<doc>Closes the current browser.</doc>
<status status="PASS" starttime="20220607 23:55:08.469" endtime="20220607 23:55:10.586"/>
</kw>
<status status="PASS" starttime="20220607 23:55:08.469" endtime="20220607 23:55:10.586"/>
</kw>
<tag>User Must Sign In</tag>
<status status="PASS" starttime="20220607 23:54:55.091" endtime="20220607 23:55:10.587"/>
</test>
<doc>This is some basic Amazon.com test</doc>
<status status="PASS" starttime="20220607 23:54:19.397" endtime="20220607 23:55:10.588"/>
</suite>
<statistics>
<total>
<stat pass="4" fail="0" skip="0">All Tests</stat>
</total>
<tag>
<stat pass="1" fail="0" skip="0">Add to Cart</stat>
<stat pass="1" fail="0" skip="0">Search Product</stat>
<stat pass="1" fail="0" skip="0">User Must Sign In</stat>
<stat pass="1" fail="0" skip="0">View Product</stat>
</tag>
<suite>
<stat pass="4" fail="0" skip="0" id="s1" name="Amazon">Amazon</stat>
</suite>
</statistics>
<errors>
</errors>
</robot>
