<?xml version="1.0" encoding="UTF-8"?>
<robot generator="Robot 5.0.1 (Python 3.9.7 on win32)" generated="20220606 02:08:38.890" rpa="false" schemaversion="3">
<suite id="s1" name="Amazon" source="C:\Users\byuks\Desktop\QA-Automation-Test-Robot-Framework\tests\Amazon.robot">
<test id="s1-t1" name="Logged out user can search for products" line="10">
<kw name="Begin Web Test" library="Common" type="SETUP">
<kw name="Open Browser" library="SeleniumLibrary">
<arg>about:blank</arg>
<arg>chrome</arg>
<doc>Opens a new browser instance to the optional ``url``.</doc>
<msg timestamp="20220606 02:08:39.097" level="INFO">Opening browser 'chrome' to base url 'about:blank'.</msg>
<status status="PASS" starttime="20220606 02:08:39.097" endtime="20220606 02:08:40.168"/>
</kw>
<kw name="Maximize Browser Window" library="SeleniumLibrary">
<doc>Maximizes current browser window.</doc>
<status status="PASS" starttime="20220606 02:08:40.168" endtime="20220606 02:08:40.282"/>
</kw>
<status status="PASS" starttime="20220606 02:08:39.097" endtime="20220606 02:08:40.283"/>
</kw>
<kw name="Search For Products" library="AmazonApp">
<kw name="Load Page" library="LandingPage">
<kw name="Go To" library="SeleniumLibrary">
<arg>https://amazon.com</arg>
<doc>Navigates the current browser window to the provided ``url``.</doc>
<msg timestamp="20220606 02:08:40.284" level="INFO">Opening url 'https://amazon.com'</msg>
<status status="PASS" starttime="20220606 02:08:40.284" endtime="20220606 02:08:42.586"/>
</kw>
<status status="PASS" starttime="20220606 02:08:40.283" endtime="20220606 02:08:42.587"/>
</kw>
<kw name="Verify Page Loaded" library="LandingPage">
<kw name="Wait Until Page Contains" library="SeleniumLibrary">
<arg>You are on amazon.com</arg>
<doc>Waits until ``text`` appears on the current page.</doc>
<status status="PASS" starttime="20220606 02:08:42.587" endtime="20220606 02:08:42.630"/>
</kw>
<status status="PASS" starttime="20220606 02:08:42.587" endtime="20220606 02:08:42.630"/>
</kw>
<kw name="Search for products" library="TopNav">
<kw name="Enter Search Term" library="TopNav">
<kw name="Input Text" library="SeleniumLibrary">
<arg>id=twotabsearchtextbox</arg>
<arg>Xbox Series X Console</arg>
<doc>Types the given ``text`` into the text field identified by ``locator``.</doc>
<msg timestamp="20220606 02:08:42.631" level="INFO">Typing text 'Xbox Series X Console' into text field 'id=twotabsearchtextbox'.</msg>
<status status="PASS" starttime="20220606 02:08:42.630" endtime="20220606 02:08:42.808"/>
</kw>
<status status="PASS" starttime="20220606 02:08:42.630" endtime="20220606 02:08:42.808"/>
</kw>
<kw name="Submit Search" library="TopNav">
<kw name="Click Button" library="SeleniumLibrary">
<arg>css=#nav-search-submit-button</arg>
<doc>Clicks the button identified by ``locator``.</doc>
<msg timestamp="20220606 02:08:42.809" level="INFO">Clicking button 'css=#nav-search-submit-button'.</msg>
<status status="PASS" starttime="20220606 02:08:42.808" endtime="20220606 02:08:44.988"/>
</kw>
<status status="PASS" starttime="20220606 02:08:42.808" endtime="20220606 02:08:44.989"/>
</kw>
<status status="PASS" starttime="20220606 02:08:42.630" endtime="20220606 02:08:44.989"/>
</kw>
<kw name="Verify Seach Completed" library="SearchResults">
<kw name="Wait Until Page Contains" library="SeleniumLibrary">
<arg>results for "Xbox Series X Console"</arg>
<doc>Waits until ``text`` appears on the current page.</doc>
<status status="PASS" starttime="20220606 02:08:44.989" endtime="20220606 02:08:45.008"/>
</kw>
<status status="PASS" starttime="20220606 02:08:44.989" endtime="20220606 02:08:45.008"/>
</kw>
<status status="PASS" starttime="20220606 02:08:40.283" endtime="20220606 02:08:45.008"/>
</kw>
<kw name="End Web Test" library="Common" type="TEARDOWN">
<kw name="Close Browser" library="SeleniumLibrary">
<doc>Closes the current browser.</doc>
<status status="PASS" starttime="20220606 02:08:45.008" endtime="20220606 02:08:47.126"/>
</kw>
<status status="PASS" starttime="20220606 02:08:45.008" endtime="20220606 02:08:47.126"/>
</kw>
<tag>Smoke</tag>
<status status="PASS" starttime="20220606 02:08:39.096" endtime="20220606 02:08:47.127"/>
</test>
<test id="s1-t2" name="Logged out user can view a product" line="14">
<kw name="Begin Web Test" library="Common" type="SETUP">
<kw name="Open Browser" library="SeleniumLibrary">
<arg>about:blank</arg>
<arg>chrome</arg>
<doc>Opens a new browser instance to the optional ``url``.</doc>
<msg timestamp="20220606 02:08:47.130" level="INFO">Opening browser 'chrome' to base url 'about:blank'.</msg>
<status status="PASS" starttime="20220606 02:08:47.129" endtime="20220606 02:08:48.166"/>
</kw>
<kw name="Maximize Browser Window" library="SeleniumLibrary">
<doc>Maximizes current browser window.</doc>
<status status="PASS" starttime="20220606 02:08:48.166" endtime="20220606 02:08:48.281"/>
</kw>
<status status="PASS" starttime="20220606 02:08:47.128" endtime="20220606 02:08:48.281"/>
</kw>
<kw name="Search For Products" library="AmazonApp">
<kw name="Load Page" library="LandingPage">
<kw name="Go To" library="SeleniumLibrary">
<arg>https://amazon.com</arg>
<doc>Navigates the current browser window to the provided ``url``.</doc>
<msg timestamp="20220606 02:08:48.282" level="INFO">Opening url 'https://amazon.com'</msg>
<status status="PASS" starttime="20220606 02:08:48.282" endtime="20220606 02:08:49.982"/>
</kw>
<status status="PASS" starttime="20220606 02:08:48.282" endtime="20220606 02:08:49.982"/>
</kw>
<kw name="Verify Page Loaded" library="LandingPage">
<kw name="Wait Until Page Contains" library="SeleniumLibrary">
<arg>You are on amazon.com</arg>
<doc>Waits until ``text`` appears on the current page.</doc>
<status status="PASS" starttime="20220606 02:08:49.982" endtime="20220606 02:08:50.004"/>
</kw>
<status status="PASS" starttime="20220606 02:08:49.982" endtime="20220606 02:08:50.004"/>
</kw>
<kw name="Search for products" library="TopNav">
<kw name="Enter Search Term" library="TopNav">
<kw name="Input Text" library="SeleniumLibrary">
<arg>id=twotabsearchtextbox</arg>
<arg>Xbox Series X Console</arg>
<doc>Types the given ``text`` into the text field identified by ``locator``.</doc>
<msg timestamp="20220606 02:08:50.005" level="INFO">Typing text 'Xbox Series X Console' into text field 'id=twotabsearchtextbox'.</msg>
<status status="PASS" starttime="20220606 02:08:50.005" endtime="20220606 02:08:50.163"/>
</kw>
<status status="PASS" starttime="20220606 02:08:50.004" endtime="20220606 02:08:50.164"/>
</kw>
<kw name="Submit Search" library="TopNav">
<kw name="Click Button" library="SeleniumLibrary">
<arg>css=#nav-search-submit-button</arg>
<doc>Clicks the button identified by ``locator``.</doc>
<msg timestamp="20220606 02:08:50.164" level="INFO">Clicking button 'css=#nav-search-submit-button'.</msg>
<status status="PASS" starttime="20220606 02:08:50.164" endtime="20220606 02:08:52.437"/>
</kw>
<status status="PASS" starttime="20220606 02:08:50.164" endtime="20220606 02:08:52.437"/>
</kw>
<status status="PASS" starttime="20220606 02:08:50.004" endtime="20220606 02:08:52.438"/>
</kw>
<kw name="Verify Seach Completed" library="SearchResults">
<kw name="Wait Until Page Contains" library="SeleniumLibrary">
<arg>results for "Xbox Series X Console"</arg>
<doc>Waits until ``text`` appears on the current page.</doc>
<status status="PASS" starttime="20220606 02:08:52.438" endtime="20220606 02:08:52.458"/>
</kw>
<status status="PASS" starttime="20220606 02:08:52.438" endtime="20220606 02:08:52.458"/>
</kw>
<status status="PASS" starttime="20220606 02:08:48.281" endtime="20220606 02:08:52.458"/>
</kw>
<kw name="Select Product from Search Results" library="AmazonApp">
<kw name="Click Product Link" library="SearchResults">
<doc>Clicks on the first product in the search results list</doc>
<kw name="Click Link" library="SeleniumLibrary">
<arg>css=#search &gt; div.s-desktop-width-max.s-desktop-content.s-opposite-dir.sg-row &gt; div.s-matching-dir.sg-col-16-of-20.sg-col.sg-col-8-of-12.sg-col-12-of-16 &gt; div &gt; span:nth-child(4) &gt; div.s-main-slot.s-result-list.s-search-results.sg-row &gt; div:nth-child(8) &gt; div &gt; div &gt; div &gt; div &gt; div &gt; div.sg-col.sg-col-4-of-12.sg-col-8-of-16.sg-col-12-of-20.s-list-col-right &gt; div &gt; div &gt; div.a-section.a-spacing-none.s-padding-right-small.s-title-instructions-style &gt; h2 &gt; a</arg>
<doc>Clicks a link identified by ``locator``.</doc>
<msg timestamp="20220606 02:08:52.459" level="INFO">Clicking link 'css=#search &gt; div.s-desktop-width-max.s-desktop-content.s-opposite-dir.sg-row &gt; div.s-matching-dir.sg-col-16-of-20.sg-col.sg-col-8-of-12.sg-col-12-of-16 &gt; div &gt; span:nth-child(4) &gt; div.s-main-slot.s-result-list.s-search-results.sg-row &gt; div:nth-child(8) &gt; div &gt; div &gt; div &gt; div &gt; div &gt; div.sg-col.sg-col-4-of-12.sg-col-8-of-16.sg-col-12-of-20.s-list-col-right &gt; div &gt; div &gt; div.a-section.a-spacing-none.s-padding-right-small.s-title-instructions-style &gt; h2 &gt; a'.</msg>
<status status="PASS" starttime="20220606 02:08:52.459" endtime="20220606 02:08:57.547"/>
</kw>
<status status="PASS" starttime="20220606 02:08:52.459" endtime="20220606 02:08:57.547"/>
</kw>
<kw name="Verify Page Loaded" library="Product">
<kw name="Wait Until Page Contains" library="SeleniumLibrary">
<arg>Back to results</arg>
<doc>Waits until ``text`` appears on the current page.</doc>
<status status="PASS" starttime="20220606 02:08:57.547" endtime="20220606 02:08:57.583"/>
</kw>
<status status="PASS" starttime="20220606 02:08:57.547" endtime="20220606 02:08:57.583"/>
</kw>
<status status="PASS" starttime="20220606 02:08:52.459" endtime="20220606 02:08:57.583"/>
</kw>
<kw name="End Web Test" library="Common" type="TEARDOWN">
<kw name="Close Browser" library="SeleniumLibrary">
<doc>Closes the current browser.</doc>
<status status="PASS" starttime="20220606 02:08:57.584" endtime="20220606 02:08:59.700"/>
</kw>
<status status="PASS" starttime="20220606 02:08:57.583" endtime="20220606 02:08:59.700"/>
</kw>
<tag>Smoke</tag>
<status status="PASS" starttime="20220606 02:08:47.128" endtime="20220606 02:08:59.700"/>
</test>
<test id="s1-t3" name="Logged out user can add product to cart" line="19">
<kw name="Begin Web Test" library="Common" type="SETUP">
<kw name="Open Browser" library="SeleniumLibrary">
<arg>about:blank</arg>
<arg>chrome</arg>
<doc>Opens a new browser instance to the optional ``url``.</doc>
<msg timestamp="20220606 02:08:59.702" level="INFO">Opening browser 'chrome' to base url 'about:blank'.</msg>
<status status="PASS" starttime="20220606 02:08:59.702" endtime="20220606 02:09:00.737"/>
</kw>
<kw name="Maximize Browser Window" library="SeleniumLibrary">
<doc>Maximizes current browser window.</doc>
<status status="PASS" starttime="20220606 02:09:00.737" endtime="20220606 02:09:00.866"/>
</kw>
<status status="PASS" starttime="20220606 02:08:59.702" endtime="20220606 02:09:00.866"/>
</kw>
<kw name="Search For Products" library="AmazonApp">
<kw name="Load Page" library="LandingPage">
<kw name="Go To" library="SeleniumLibrary">
<arg>https://amazon.com</arg>
<doc>Navigates the current browser window to the provided ``url``.</doc>
<msg timestamp="20220606 02:09:00.868" level="INFO">Opening url 'https://amazon.com'</msg>
<status status="PASS" starttime="20220606 02:09:00.867" endtime="20220606 02:09:03.307"/>
</kw>
<status status="PASS" starttime="20220606 02:09:00.867" endtime="20220606 02:09:03.308"/>
</kw>
<kw name="Verify Page Loaded" library="LandingPage">
<kw name="Wait Until Page Contains" library="SeleniumLibrary">
<arg>You are on amazon.com</arg>
<doc>Waits until ``text`` appears on the current page.</doc>
<status status="PASS" starttime="20220606 02:09:03.308" endtime="20220606 02:09:03.348"/>
</kw>
<status status="PASS" starttime="20220606 02:09:03.308" endtime="20220606 02:09:03.348"/>
</kw>
<kw name="Search for products" library="TopNav">
<kw name="Enter Search Term" library="TopNav">
<kw name="Input Text" library="SeleniumLibrary">
<arg>id=twotabsearchtextbox</arg>
<arg>Xbox Series X Console</arg>
<doc>Types the given ``text`` into the text field identified by ``locator``.</doc>
<msg timestamp="20220606 02:09:03.349" level="INFO">Typing text 'Xbox Series X Console' into text field 'id=twotabsearchtextbox'.</msg>
<status status="PASS" starttime="20220606 02:09:03.349" endtime="20220606 02:09:03.519"/>
</kw>
<status status="PASS" starttime="20220606 02:09:03.349" endtime="20220606 02:09:03.519"/>
</kw>
<kw name="Submit Search" library="TopNav">
<kw name="Click Button" library="SeleniumLibrary">
<arg>css=#nav-search-submit-button</arg>
<doc>Clicks the button identified by ``locator``.</doc>
<msg timestamp="20220606 02:09:03.519" level="INFO">Clicking button 'css=#nav-search-submit-button'.</msg>
<status status="PASS" starttime="20220606 02:09:03.519" endtime="20220606 02:09:06.076"/>
</kw>
<status status="PASS" starttime="20220606 02:09:03.519" endtime="20220606 02:09:06.076"/>
</kw>
<status status="PASS" starttime="20220606 02:09:03.348" endtime="20220606 02:09:06.076"/>
</kw>
<kw name="Verify Seach Completed" library="SearchResults">
<kw name="Wait Until Page Contains" library="SeleniumLibrary">
<arg>results for "Xbox Series X Console"</arg>
<doc>Waits until ``text`` appears on the current page.</doc>
<status status="PASS" starttime="20220606 02:09:06.077" endtime="20220606 02:09:06.096"/>
</kw>
<status status="PASS" starttime="20220606 02:09:06.076" endtime="20220606 02:09:06.096"/>
</kw>
<status status="PASS" starttime="20220606 02:09:00.867" endtime="20220606 02:09:06.096"/>
</kw>
<kw name="Select Product from Search Results" library="AmazonApp">
<kw name="Click Product Link" library="SearchResults">
<doc>Clicks on the first product in the search results list</doc>
<kw name="Click Link" library="SeleniumLibrary">
<arg>css=#search &gt; div.s-desktop-width-max.s-desktop-content.s-opposite-dir.sg-row &gt; div.s-matching-dir.sg-col-16-of-20.sg-col.sg-col-8-of-12.sg-col-12-of-16 &gt; div &gt; span:nth-child(4) &gt; div.s-main-slot.s-result-list.s-search-results.sg-row &gt; div:nth-child(8) &gt; div &gt; div &gt; div &gt; div &gt; div &gt; div.sg-col.sg-col-4-of-12.sg-col-8-of-16.sg-col-12-of-20.s-list-col-right &gt; div &gt; div &gt; div.a-section.a-spacing-none.s-padding-right-small.s-title-instructions-style &gt; h2 &gt; a</arg>
<doc>Clicks a link identified by ``locator``.</doc>
<msg timestamp="20220606 02:09:06.097" level="INFO">Clicking link 'css=#search &gt; div.s-desktop-width-max.s-desktop-content.s-opposite-dir.sg-row &gt; div.s-matching-dir.sg-col-16-of-20.sg-col.sg-col-8-of-12.sg-col-12-of-16 &gt; div &gt; span:nth-child(4) &gt; div.s-main-slot.s-result-list.s-search-results.sg-row &gt; div:nth-child(8) &gt; div &gt; div &gt; div &gt; div &gt; div &gt; div.sg-col.sg-col-4-of-12.sg-col-8-of-16.sg-col-12-of-20.s-list-col-right &gt; div &gt; div &gt; div.a-section.a-spacing-none.s-padding-right-small.s-title-instructions-style &gt; h2 &gt; a'.</msg>
<status status="PASS" starttime="20220606 02:09:06.097" endtime="20220606 02:09:08.951"/>
</kw>
<status status="PASS" starttime="20220606 02:09:06.097" endtime="20220606 02:09:08.951"/>
</kw>
<kw name="Verify Page Loaded" library="Product">
<kw name="Wait Until Page Contains" library="SeleniumLibrary">
<arg>Back to results</arg>
<doc>Waits until ``text`` appears on the current page.</doc>
<status status="PASS" starttime="20220606 02:09:08.951" endtime="20220606 02:09:08.985"/>
</kw>
<status status="PASS" starttime="20220606 02:09:08.951" endtime="20220606 02:09:08.985"/>
</kw>
<status status="PASS" starttime="20220606 02:09:06.097" endtime="20220606 02:09:08.985"/>
</kw>
<kw name="Add Product to Cart" library="AmazonApp">
<kw name="Add to Cart" library="Product">
<kw name="Click Button" library="SeleniumLibrary">
<arg>id=add-to-cart-button</arg>
<doc>Clicks the button identified by ``locator``.</doc>
<msg timestamp="20220606 02:09:08.987" level="INFO">Clicking button 'id=add-to-cart-button'.</msg>
<status status="PASS" starttime="20220606 02:09:08.986" endtime="20220606 02:09:11.258"/>
</kw>
<status status="PASS" starttime="20220606 02:09:08.986" endtime="20220606 02:09:11.258"/>
</kw>
<kw name="Verify Product Added" library="Cart">
<kw name="Wait Until Page Contains" library="SeleniumLibrary">
<arg>Added to Cart</arg>
<doc>Waits until ``text`` appears on the current page.</doc>
<status status="PASS" starttime="20220606 02:09:11.259" endtime="20220606 02:09:11.277"/>
</kw>
<status status="PASS" starttime="20220606 02:09:11.258" endtime="20220606 02:09:11.277"/>
</kw>
<status status="PASS" starttime="20220606 02:09:08.986" endtime="20220606 02:09:11.277"/>
</kw>
<kw name="End Web Test" library="Common" type="TEARDOWN">
<kw name="Close Browser" library="SeleniumLibrary">
<doc>Closes the current browser.</doc>
<status status="PASS" starttime="20220606 02:09:11.278" endtime="20220606 02:09:13.402"/>
</kw>
<status status="PASS" starttime="20220606 02:09:11.278" endtime="20220606 02:09:13.402"/>
</kw>
<tag>Smoke</tag>
<status status="PASS" starttime="20220606 02:08:59.701" endtime="20220606 02:09:13.403"/>
</test>
<test id="s1-t4" name="Logged out user must sign in to check out" line="25">
<kw name="Begin Web Test" library="Common" type="SETUP">
<kw name="Open Browser" library="SeleniumLibrary">
<arg>about:blank</arg>
<arg>chrome</arg>
<doc>Opens a new browser instance to the optional ``url``.</doc>
<msg timestamp="20220606 02:09:13.405" level="INFO">Opening browser 'chrome' to base url 'about:blank'.</msg>
<status status="PASS" starttime="20220606 02:09:13.405" endtime="20220606 02:09:14.458"/>
</kw>
<kw name="Maximize Browser Window" library="SeleniumLibrary">
<doc>Maximizes current browser window.</doc>
<status status="PASS" starttime="20220606 02:09:14.458" endtime="20220606 02:09:14.576"/>
</kw>
<status status="PASS" starttime="20220606 02:09:13.405" endtime="20220606 02:09:14.577"/>
</kw>
<kw name="Search For Products" library="AmazonApp">
<kw name="Load Page" library="LandingPage">
<kw name="Go To" library="SeleniumLibrary">
<arg>https://amazon.com</arg>
<doc>Navigates the current browser window to the provided ``url``.</doc>
<msg timestamp="20220606 02:09:14.578" level="INFO">Opening url 'https://amazon.com'</msg>
<status status="PASS" starttime="20220606 02:09:14.578" endtime="20220606 02:09:16.893"/>
</kw>
<status status="PASS" starttime="20220606 02:09:14.577" endtime="20220606 02:09:16.893"/>
</kw>
<kw name="Verify Page Loaded" library="LandingPage">
<kw name="Wait Until Page Contains" library="SeleniumLibrary">
<arg>You are on amazon.com</arg>
<doc>Waits until ``text`` appears on the current page.</doc>
<status status="PASS" starttime="20220606 02:09:16.894" endtime="20220606 02:09:16.934"/>
</kw>
<status status="PASS" starttime="20220606 02:09:16.893" endtime="20220606 02:09:16.934"/>
</kw>
<kw name="Search for products" library="TopNav">
<kw name="Enter Search Term" library="TopNav">
<kw name="Input Text" library="SeleniumLibrary">
<arg>id=twotabsearchtextbox</arg>
<arg>Xbox Series X Console</arg>
<doc>Types the given ``text`` into the text field identified by ``locator``.</doc>
<msg timestamp="20220606 02:09:16.935" level="INFO">Typing text 'Xbox Series X Console' into text field 'id=twotabsearchtextbox'.</msg>
<status status="PASS" starttime="20220606 02:09:16.935" endtime="20220606 02:09:17.120"/>
</kw>
<status status="PASS" starttime="20220606 02:09:16.935" endtime="20220606 02:09:17.121"/>
</kw>
<kw name="Submit Search" library="TopNav">
<kw name="Click Button" library="SeleniumLibrary">
<arg>css=#nav-search-submit-button</arg>
<doc>Clicks the button identified by ``locator``.</doc>
<msg timestamp="20220606 02:09:17.121" level="INFO">Clicking button 'css=#nav-search-submit-button'.</msg>
<status status="PASS" starttime="20220606 02:09:17.121" endtime="20220606 02:09:19.798"/>
</kw>
<status status="PASS" starttime="20220606 02:09:17.121" endtime="20220606 02:09:19.798"/>
</kw>
<status status="PASS" starttime="20220606 02:09:16.935" endtime="20220606 02:09:19.798"/>
</kw>
<kw name="Verify Seach Completed" library="SearchResults">
<kw name="Wait Until Page Contains" library="SeleniumLibrary">
<arg>results for "Xbox Series X Console"</arg>
<doc>Waits until ``text`` appears on the current page.</doc>
<status status="PASS" starttime="20220606 02:09:19.798" endtime="20220606 02:09:19.818"/>
</kw>
<status status="PASS" starttime="20220606 02:09:19.798" endtime="20220606 02:09:19.818"/>
</kw>
<status status="PASS" starttime="20220606 02:09:14.577" endtime="20220606 02:09:19.818"/>
</kw>
<kw name="Select Product from Search Results" library="AmazonApp">
<kw name="Click Product Link" library="SearchResults">
<doc>Clicks on the first product in the search results list</doc>
<kw name="Click Link" library="SeleniumLibrary">
<arg>css=#search &gt; div.s-desktop-width-max.s-desktop-content.s-opposite-dir.sg-row &gt; div.s-matching-dir.sg-col-16-of-20.sg-col.sg-col-8-of-12.sg-col-12-of-16 &gt; div &gt; span:nth-child(4) &gt; div.s-main-slot.s-result-list.s-search-results.sg-row &gt; div:nth-child(8) &gt; div &gt; div &gt; div &gt; div &gt; div &gt; div.sg-col.sg-col-4-of-12.sg-col-8-of-16.sg-col-12-of-20.s-list-col-right &gt; div &gt; div &gt; div.a-section.a-spacing-none.s-padding-right-small.s-title-instructions-style &gt; h2 &gt; a</arg>
<doc>Clicks a link identified by ``locator``.</doc>
<msg timestamp="20220606 02:09:19.819" level="INFO">Clicking link 'css=#search &gt; div.s-desktop-width-max.s-desktop-content.s-opposite-dir.sg-row &gt; div.s-matching-dir.sg-col-16-of-20.sg-col.sg-col-8-of-12.sg-col-12-of-16 &gt; div &gt; span:nth-child(4) &gt; div.s-main-slot.s-result-list.s-search-results.sg-row &gt; div:nth-child(8) &gt; div &gt; div &gt; div &gt; div &gt; div &gt; div.sg-col.sg-col-4-of-12.sg-col-8-of-16.sg-col-12-of-20.s-list-col-right &gt; div &gt; div &gt; div.a-section.a-spacing-none.s-padding-right-small.s-title-instructions-style &gt; h2 &gt; a'.</msg>
<status status="PASS" starttime="20220606 02:09:19.819" endtime="20220606 02:09:22.391"/>
</kw>
<status status="PASS" starttime="20220606 02:09:19.819" endtime="20220606 02:09:22.391"/>
</kw>
<kw name="Verify Page Loaded" library="Product">
<kw name="Wait Until Page Contains" library="SeleniumLibrary">
<arg>Back to results</arg>
<doc>Waits until ``text`` appears on the current page.</doc>
<status status="PASS" starttime="20220606 02:09:22.392" endtime="20220606 02:09:22.415"/>
</kw>
<status status="PASS" starttime="20220606 02:09:22.392" endtime="20220606 02:09:22.415"/>
</kw>
<status status="PASS" starttime="20220606 02:09:19.818" endtime="20220606 02:09:22.415"/>
</kw>
<kw name="Add Product to Cart" library="AmazonApp">
<kw name="Add to Cart" library="Product">
<kw name="Click Button" library="SeleniumLibrary">
<arg>id=add-to-cart-button</arg>
<doc>Clicks the button identified by ``locator``.</doc>
<msg timestamp="20220606 02:09:22.416" level="INFO">Clicking button 'id=add-to-cart-button'.</msg>
<msg timestamp="20220606 02:09:22.637" level="INFO" html="true">&lt;/td&gt;&lt;/tr&gt;&lt;tr&gt;&lt;td colspan="3"&gt;&lt;a href="selenium-screenshot-1.png"&gt;&lt;img src="selenium-screenshot-1.png" width="800px"&gt;&lt;/a&gt;</msg>
<msg timestamp="20220606 02:09:22.638" level="FAIL">Button with locator 'id=add-to-cart-button' not found.</msg>
<status status="FAIL" starttime="20220606 02:09:22.416" endtime="20220606 02:09:22.662"/>
</kw>
<status status="FAIL" starttime="20220606 02:09:22.416" endtime="20220606 02:09:22.663"/>
</kw>
<kw name="Verify Product Added" library="Cart">
<status status="NOT RUN" starttime="20220606 02:09:22.664" endtime="20220606 02:09:22.664"/>
</kw>
<status status="FAIL" starttime="20220606 02:09:22.416" endtime="20220606 02:09:22.664"/>
</kw>
<kw name="Begin Checkout" library="AmazonApp">
<status status="NOT RUN" starttime="20220606 02:09:22.664" endtime="20220606 02:09:22.664"/>
</kw>
<kw name="End Web Test" library="Common" type="TEARDOWN">
<kw name="Close Browser" library="SeleniumLibrary">
<doc>Closes the current browser.</doc>
<status status="PASS" starttime="20220606 02:09:22.666" endtime="20220606 02:09:24.792"/>
</kw>
<status status="PASS" starttime="20220606 02:09:22.665" endtime="20220606 02:09:24.792"/>
</kw>
<tag>Smoke</tag>
<status status="FAIL" starttime="20220606 02:09:13.404" endtime="20220606 02:09:24.793">Button with locator 'id=add-to-cart-button' not found.</status>
</test>
<doc>This is some basic info about whole suite</doc>
<status status="FAIL" starttime="20220606 02:08:38.891" endtime="20220606 02:09:24.795"/>
</suite>
<statistics>
<total>
<stat pass="3" fail="1" skip="0">All Tests</stat>
</total>
<tag>
<stat pass="3" fail="1" skip="0">Smoke</stat>
</tag>
<suite>
<stat pass="3" fail="1" skip="0" id="s1" name="Amazon">Amazon</stat>
</suite>
</statistics>
<errors>
</errors>
</robot>
