<?xml version="1.0" encoding="UTF-8"?>
<robot generator="Robot 5.0.1 (Python 3.9.7 on win32)" generated="20220610 18:10:21.760" rpa="false" schemaversion="3">
<suite id="s1" name="Tests" source="C:\Users\byuks\Desktop\QA-Automation-Test-Robot-Framework\tests">
<suite id="s1-s1" name="Amazon" source="C:\Users\byuks\Desktop\QA-Automation-Test-Robot-Framework\tests\Amazon.robot">
<test id="s1-s1-t1" name="Call Data Manager and Get CSV Data" line="40">
<kw name="Begin Web Test" library="Common" type="SETUP">
<arg>${BROWSER}</arg>
<kw name="Open Browser" library="SeleniumLibrary">
<arg>about:blank</arg>
<arg>${BROWSER}</arg>
<doc>Opens a new browser instance to the optional ``url``.</doc>
<msg timestamp="20220610 18:10:21.972" level="INFO">Opening browser 'chrome' to base url 'about:blank'.</msg>
<status status="PASS" starttime="20220610 18:10:21.971" endtime="20220610 18:10:23.082"/>
</kw>
<kw name="Maximize Browser Window" library="SeleniumLibrary">
<doc>Maximizes current browser window.</doc>
<status status="PASS" starttime="20220610 18:10:23.083" endtime="20220610 18:10:23.239"/>
</kw>
<status status="PASS" starttime="20220610 18:10:21.971" endtime="20220610 18:10:23.240"/>
</kw>
<kw name="Search For Products" library="AmazonApp">
<arg>${START_URL}</arg>
<kw name="Load Page" library="LandingPage">
<arg>${START_URL}</arg>
<kw name="Go To" library="SeleniumLibrary">
<arg>${START_URL}</arg>
<doc>Navigates the current browser window to the provided ``url``.</doc>
<msg timestamp="20220610 18:10:23.242" level="INFO">Opening url 'https://amazon.com'</msg>
<status status="PASS" starttime="20220610 18:10:23.241" endtime="20220610 18:10:25.707"/>
</kw>
<status status="PASS" starttime="20220610 18:10:23.241" endtime="20220610 18:10:25.707"/>
</kw>
<kw name="Verify Page Loaded" library="LandingPage">
<kw name="Wait Until Page Contains" library="SeleniumLibrary">
<arg>Hello, Sign in</arg>
<doc>Waits until ``text`` appears on the current page.</doc>
<status status="PASS" starttime="20220610 18:10:25.708" endtime="20220610 18:10:25.760"/>
</kw>
<status status="PASS" starttime="20220610 18:10:25.707" endtime="20220610 18:10:25.760"/>
</kw>
<kw name="Search for products" library="TopNav">
<kw name="Enter Search Term" library="TopNav">
<kw name="Input Text" library="SeleniumLibrary">
<arg>${TOPNAV_SEARCH_BAR}</arg>
<arg>${SEARCH_TERM}</arg>
<doc>Types the given ``text`` into the text field identified by ``locator``.</doc>
<msg timestamp="20220610 18:10:25.761" level="INFO">Typing text 'msi laptop' into text field 'id=twotabsearchtextbox'.</msg>
<status status="PASS" starttime="20220610 18:10:25.760" endtime="20220610 18:10:25.921"/>
</kw>
<status status="PASS" starttime="20220610 18:10:25.760" endtime="20220610 18:10:25.921"/>
</kw>
<kw name="Submit Search" library="TopNav">
<kw name="Click Button" library="SeleniumLibrary">
<arg>${TOPNAV_SEARCH_BUTTON}</arg>
<doc>Clicks the button identified by ``locator``.</doc>
<msg timestamp="20220610 18:10:25.922" level="INFO">Clicking button 'css=#nav-search-submit-button'.</msg>
<status status="PASS" starttime="20220610 18:10:25.921" endtime="20220610 18:10:28.713"/>
</kw>
<status status="PASS" starttime="20220610 18:10:25.921" endtime="20220610 18:10:28.713"/>
</kw>
<status status="PASS" starttime="20220610 18:10:25.760" endtime="20220610 18:10:28.713"/>
</kw>
<kw name="Verify Seach Completed" library="SearchResults">
<kw name="Wait Until Page Contains" library="SeleniumLibrary">
<arg>results for "${SEARCH_TERM}"</arg>
<doc>Waits until ``text`` appears on the current page.</doc>
<status status="PASS" starttime="20220610 18:10:28.714" endtime="20220610 18:10:28.737"/>
</kw>
<status status="PASS" starttime="20220610 18:10:28.713" endtime="20220610 18:10:28.737"/>
</kw>
<status status="PASS" starttime="20220610 18:10:23.240" endtime="20220610 18:10:28.737"/>
</kw>
<kw name="Get CSV Data" library="DataManager">
<var>${LoginData}</var>
<arg>${USER_CSV_PATH}</arg>
<kw name="Read Csv File" library="csv_read">
<var>${Data}</var>
<arg>${filepath}</arg>
<msg timestamp="20220610 18:10:28.739" level="INFO">${Data} = [['jhon@somemail.com', 'password12345', 'You havent sign up yet. Try different username'], ['highhill@somemail.com', 'password34567', 'Invalid password please, double check your password.'], ['#BLANK'...</msg>
<status status="PASS" starttime="20220610 18:10:28.738" endtime="20220610 18:10:28.739"/>
</kw>
<msg timestamp="20220610 18:10:28.739" level="INFO">${LoginData} = [['jhon@somemail.com', 'password12345', 'You havent sign up yet. Try different username'], ['highhill@somemail.com', 'password34567', 'Invalid password please, double check your password.'], ['#BLANK'...</msg>
<status status="PASS" starttime="20220610 18:10:28.738" endtime="20220610 18:10:28.739"/>
</kw>
<kw name="Log" library="BuiltIn">
<arg>${LoginData}</arg>
<doc>Logs the given message with the given level.</doc>
<msg timestamp="20220610 18:10:28.740" level="INFO">[['jhon@somemail.com', 'password12345', 'You havent sign up yet. Try different username'], ['highhill@somemail.com', 'password34567', 'Invalid password please, double check your password.'], ['#BLANK', 'password34567', 'Please provide email and username fields.']]</msg>
<status status="PASS" starttime="20220610 18:10:28.739" endtime="20220610 18:10:28.740"/>
</kw>
<kw name="End Web Test" library="Common" type="TEARDOWN">
<kw name="Close Browser" library="SeleniumLibrary">
<doc>Closes the current browser.</doc>
<status status="PASS" starttime="20220610 18:10:28.740" endtime="20220610 18:10:30.839"/>
</kw>
<status status="PASS" starttime="20220610 18:10:28.740" endtime="20220610 18:10:30.839"/>
</kw>
<tag>Get CSV Data</tag>
<tag>NO557-A</tag>
<status status="PASS" starttime="20220610 18:10:21.970" endtime="20220610 18:10:30.840"/>
</test>
<doc>This is some basic Amazon.com test</doc>
<status status="PASS" starttime="20220610 18:10:21.780" endtime="20220610 18:10:30.841"/>
</suite>
<status status="PASS" starttime="20220610 18:10:21.761" endtime="20220610 18:10:30.843"/>
</suite>
<statistics>
<total>
<stat pass="1" fail="0" skip="0">All Tests</stat>
</total>
<tag>
<stat pass="1" fail="0" skip="0">Get CSV Data</stat>
<stat pass="1" fail="0" skip="0">NO557-A</stat>
</tag>
<suite>
<stat pass="1" fail="0" skip="0" id="s1" name="Tests">Tests</stat>
<stat pass="1" fail="0" skip="0" id="s1-s1" name="Amazon">Tests.Amazon</stat>
</suite>
</statistics>
<errors>
</errors>
</robot>
