<?xml version="1.0" encoding="UTF-8"?>
<robot generator="Robot 5.0.1 (Python 3.9.7 on win32)" generated="20220605 15:44:18.874" rpa="false" schemaversion="3">
<suite id="s1" name="Locators" source="C:\Users\byuks\Desktop\QA-Automation-Test-Robot-Framework\tests\Locators.robot">
<test id="s1-t1" name="Should be able to search for product" line="8">
<kw name="Open Browser" library="SeleniumLibrary">
<arg>https://www.amazon.com/</arg>
<arg>chrome</arg>
<doc>Opens a new browser instance to the optional ``url``.</doc>
<msg timestamp="20220605 15:44:19.055" level="INFO">Opening browser 'chrome' to base url 'https://www.amazon.com/'.</msg>
<status status="PASS" starttime="20220605 15:44:19.055" endtime="20220605 15:44:23.111"/>
</kw>
<kw name="Input Text" library="SeleniumLibrary">
<arg>id=twotabsearchtextbox</arg>
<arg>Xbox Series X Console</arg>
<doc>Types the given ``text`` into the text field identified by ``locator``.</doc>
<msg timestamp="20220605 15:44:23.112" level="INFO">Typing text 'Xbox Series X Console' into text field 'id=twotabsearchtextbox'.</msg>
<status status="PASS" starttime="20220605 15:44:23.111" endtime="20220605 15:44:23.292"/>
</kw>
<kw name="Click Button" library="SeleniumLibrary">
<arg>css=#nav-search-submit-button</arg>
<doc>Clicks the button identified by ``locator``.</doc>
<msg timestamp="20220605 15:44:23.293" level="INFO">Clicking button 'css=#nav-search-submit-button'.</msg>
<status status="PASS" starttime="20220605 15:44:23.292" endtime="20220605 15:44:26.016"/>
</kw>
<kw name="Click Link" library="SeleniumLibrary">
<arg>xpath=//*[@id="search"]/div[1]/div[1]/div/span[3]/div[2]/div[2]/div/div/div/div/div/div[2]/div/div/div[1]/h2/a</arg>
<doc>Clicks a link identified by ``locator``.</doc>
<msg timestamp="20220605 15:44:26.017" level="INFO">Clicking link 'xpath=//*[@id="search"]/div[1]/div[1]/div/span[3]/div[2]/div[2]/div/div/div/div/div/div[2]/div/div/div[1]/h2/a'.</msg>
<status status="PASS" starttime="20220605 15:44:26.017" endtime="20220605 15:44:28.733"/>
</kw>
<kw name="Click Button" library="SeleniumLibrary">
<arg>Add to Cart</arg>
<doc>Clicks the button identified by ``locator``.</doc>
<msg timestamp="20220605 15:44:28.734" level="INFO">Clicking button 'Add to Cart'.</msg>
<status status="PASS" starttime="20220605 15:44:28.734" endtime="20220605 15:44:31.945"/>
</kw>
<kw name="Close Browser" library="SeleniumLibrary">
<doc>Closes the current browser.</doc>
<status status="PASS" starttime="20220605 15:44:31.946" endtime="20220605 15:44:34.066"/>
</kw>
<status status="PASS" starttime="20220605 15:44:19.054" endtime="20220605 15:44:34.066"/>
</test>
<status status="PASS" starttime="20220605 15:44:18.875" endtime="20220605 15:44:34.068"/>
</suite>
<statistics>
<total>
<stat pass="1" fail="0" skip="0">All Tests</stat>
</total>
<tag>
</tag>
<suite>
<stat pass="1" fail="0" skip="0" id="s1" name="Locators">Locators</stat>
</suite>
</statistics>
<errors>
</errors>
</robot>
