<?xml version="1.0" encoding="UTF-8"?>
<robot generator="Robot 5.0.1 (Python 3.9.7 on win32)" generated="20220605 15:26:59.554" rpa="false" schemaversion="3">
<suite id="s1" name="Locators" source="C:\Users\byuks\Desktop\QA-Automation-Test-Robot-Framework\tests\Locators.robot">
<test id="s1-t1" name="Should be able to search for product" line="8">
<kw name="Open Browser" library="SeleniumLibrary">
<arg>https://www.amazon.com/</arg>
<arg>chrome</arg>
<doc>Opens a new browser instance to the optional ``url``.</doc>
<msg timestamp="20220605 15:26:59.745" level="INFO">Opening browser 'chrome' to base url 'https://www.amazon.com/'.</msg>
<status status="PASS" starttime="20220605 15:26:59.745" endtime="20220605 15:27:03.356"/>
</kw>
<kw name="Sleep" library="BuiltIn">
<arg>3s</arg>
<doc>Pauses the test executed for the given time.</doc>
<msg timestamp="20220605 15:27:06.369" level="INFO">Slept 3 seconds</msg>
<status status="PASS" starttime="20220605 15:27:03.356" endtime="20220605 15:27:06.369"/>
</kw>
<kw name="Input Text" library="SeleniumLibrary">
<arg>id=twotabsearchtextbox</arg>
<arg>Xbox One X</arg>
<doc>Types the given ``text`` into the text field identified by ``locator``.</doc>
<msg timestamp="20220605 15:27:06.370" level="INFO">Typing text 'Xbox One X' into text field 'id=twotabsearchtextbox'.</msg>
<status status="PASS" starttime="20220605 15:27:06.369" endtime="20220605 15:27:06.489"/>
</kw>
<kw name="Sleep" library="BuiltIn">
<arg>3s</arg>
<doc>Pauses the test executed for the given time.</doc>
<msg timestamp="20220605 15:27:09.502" level="INFO">Slept 3 seconds</msg>
<status status="PASS" starttime="20220605 15:27:06.489" endtime="20220605 15:27:09.502"/>
</kw>
<kw name="Click Button" library="SeleniumLibrary">
<arg>css=#nav-search-submit-button</arg>
<doc>Clicks the button identified by ``locator``.</doc>
<msg timestamp="20220605 15:27:09.503" level="INFO">Clicking button 'css=#nav-search-submit-button'.</msg>
<status status="PASS" starttime="20220605 15:27:09.502" endtime="20220605 15:27:13.284"/>
</kw>
<kw name="Close Browser" library="SeleniumLibrary">
<doc>Closes the current browser.</doc>
<status status="PASS" starttime="20220605 15:27:13.285" endtime="20220605 15:27:15.399"/>
</kw>
<status status="PASS" starttime="20220605 15:26:59.745" endtime="20220605 15:27:15.399"/>
</test>
<status status="PASS" starttime="20220605 15:26:59.555" endtime="20220605 15:27:15.400"/>
</suite>
<statistics>
<total>
<stat pass="1" fail="0" skip="0">All Tests</stat>
</total>
<tag>
</tag>
<suite>
<stat pass="1" fail="0" skip="0" id="s1" name="Locators">Locators</stat>
</suite>
</statistics>
<errors>
</errors>
</robot>
